{"/home/ryan/src/picklechips/skybunk-server/models/Channels.js":{"path":"/home/ryan/src/picklechips/skybunk-server/models/Channels.js","statementMap":{"0":{"start":{"line":3,"column":33},"end":{"line":3,"column":464}},"1":{"start":{"line":3,"column":46},"end":{"line":3,"column":47}},"2":{"start":{"line":3,"column":91},"end":{"line":3,"column":131}},"3":{"start":{"line":3,"column":147},"end":{"line":3,"column":166}},"4":{"start":{"line":3,"column":168},"end":{"line":3,"column":382}},"5":{"start":{"line":3,"column":226},"end":{"line":3,"column":380}},"6":{"start":{"line":3,"column":312},"end":{"line":3,"column":375}},"7":{"start":{"line":3,"column":383},"end":{"line":3,"column":462}},"8":{"start":{"line":3,"column":416},"end":{"line":3,"column":458}},"9":{"start":{"line":3,"column":465},"end":{"line":3,"column":479}},"10":{"start":{"line":5,"column":44},"end":{"line":5,"column":195}},"11":{"start":{"line":5,"column":62},"end":{"line":5,"column":166}},"12":{"start":{"line":5,"column":176},"end":{"line":5,"column":193}},"13":{"start":{"line":5,"column":196},"end":{"line":5,"column":207}},"14":{"start":{"line":7,"column":0},"end":{"line":7,"column":18}},"15":{"start":{"line":9,"column":0},"end":{"line":9,"column":19}},"16":{"start":{"line":11,"column":15},"end":{"line":11,"column":34}},"17":{"start":{"line":13,"column":8},"end":{"line":13,"column":25}},"18":{"start":{"line":15,"column":26},"end":{"line":15,"column":67}},"19":{"start":{"line":17,"column":15},"end":{"line":17,"column":47}},"20":{"start":{"line":18,"column":17},"end":{"line":18,"column":36}},"21":{"start":{"line":20,"column":15},"end":{"line":20,"column":38}},"22":{"start":{"line":21,"column":13},"end":{"line":21,"column":28}},"23":{"start":{"line":22,"column":11},"end":{"line":22,"column":33}},"24":{"start":{"line":23,"column":11},"end":{"line":23,"column":33}},"25":{"start":{"line":24,"column":20},"end":{"line":40,"column":2}},"26":{"start":{"line":42,"column":0},"end":{"line":60,"column":2}},"27":{"start":{"line":43,"column":14},"end":{"line":43,"column":18}},"28":{"start":{"line":45,"column":20},"end":{"line":45,"column":46}},"29":{"start":{"line":46,"column":22},"end":{"line":46,"column":46}},"30":{"start":{"line":47,"column":20},"end":{"line":51,"column":3}},"31":{"start":{"line":52,"column":2},"end":{"line":59,"column":5}},"32":{"start":{"line":53,"column":21},"end":{"line":53,"column":43}},"33":{"start":{"line":54,"column":4},"end":{"line":58,"column":7}},"34":{"start":{"line":55,"column":6},"end":{"line":55,"column":23}},"35":{"start":{"line":57,"column":6},"end":{"line":57,"column":18}},"36":{"start":{"line":62,"column":0},"end":{"line":78,"column":2}},"37":{"start":{"line":63,"column":15},"end":{"line":63,"column":19}},"38":{"start":{"line":65,"column":2},"end":{"line":77,"column":5}},"39":{"start":{"line":66,"column":24},"end":{"line":66,"column":40}},"40":{"start":{"line":68,"column":4},"end":{"line":76,"column":7}},"41":{"start":{"line":73,"column":6},"end":{"line":73,"column":24}},"42":{"start":{"line":75,"column":6},"end":{"line":75,"column":18}},"43":{"start":{"line":80,"column":0},"end":{"line":95,"column":2}},"44":{"start":{"line":81,"column":15},"end":{"line":81,"column":19}},"45":{"start":{"line":83,"column":2},"end":{"line":83,"column":20}},"46":{"start":{"line":84,"column":2},"end":{"line":94,"column":5}},"47":{"start":{"line":85,"column":4},"end":{"line":93,"column":7}},"48":{"start":{"line":86,"column":6},"end":{"line":90,"column":7}},"49":{"start":{"line":87,"column":8},"end":{"line":87,"column":25}},"50":{"start":{"line":89,"column":8},"end":{"line":89,"column":63}},"51":{"start":{"line":92,"column":6},"end":{"line":92,"column":18}},"52":{"start":{"line":97,"column":0},"end":{"line":107,"column":2}},"53":{"start":{"line":98,"column":15},"end":{"line":98,"column":19}},"54":{"start":{"line":100,"column":2},"end":{"line":106,"column":5}},"55":{"start":{"line":101,"column":4},"end":{"line":105,"column":7}},"56":{"start":{"line":102,"column":6},"end":{"line":102,"column":24}},"57":{"start":{"line":104,"column":6},"end":{"line":104,"column":18}},"58":{"start":{"line":109,"column":0},"end":{"line":124,"column":2}},"59":{"start":{"line":110,"column":15},"end":{"line":110,"column":19}},"60":{"start":{"line":112,"column":2},"end":{"line":123,"column":5}},"61":{"start":{"line":113,"column":4},"end":{"line":122,"column":7}},"62":{"start":{"line":114,"column":6},"end":{"line":119,"column":9}},"63":{"start":{"line":115,"column":8},"end":{"line":115,"column":31}},"64":{"start":{"line":115,"column":20},"end":{"line":115,"column":31}},"65":{"start":{"line":116,"column":8},"end":{"line":116,"column":23}},"66":{"start":{"line":118,"column":8},"end":{"line":118,"column":20}},"67":{"start":{"line":121,"column":6},"end":{"line":121,"column":18}},"68":{"start":{"line":126,"column":0},"end":{"line":149,"column":2}},"69":{"start":{"line":127,"column":15},"end":{"line":127,"column":19}},"70":{"start":{"line":129,"column":2},"end":{"line":129,"column":20}},"71":{"start":{"line":130,"column":13},"end":{"line":130,"column":49}},"72":{"start":{"line":131,"column":22},"end":{"line":131,"column":56}},"73":{"start":{"line":132,"column":2},"end":{"line":148,"column":5}},"74":{"start":{"line":133,"column":4},"end":{"line":147,"column":7}},"75":{"start":{"line":134,"column":6},"end":{"line":146,"column":7}},"76":{"start":{"line":135,"column":26},"end":{"line":135,"column":78}},"77":{"start":{"line":137,"column":8},"end":{"line":137,"column":32}},"78":{"start":{"line":138,"column":8},"end":{"line":138,"column":41}},"79":{"start":{"line":139,"column":8},"end":{"line":143,"column":11}},"80":{"start":{"line":140,"column":10},"end":{"line":140,"column":34}},"81":{"start":{"line":142,"column":10},"end":{"line":142,"column":22}},"82":{"start":{"line":145,"column":8},"end":{"line":145,"column":62}},"83":{"start":{"line":151,"column":0},"end":{"line":164,"column":2}},"84":{"start":{"line":152,"column":15},"end":{"line":152,"column":19}},"85":{"start":{"line":154,"column":2},"end":{"line":154,"column":20}},"86":{"start":{"line":155,"column":2},"end":{"line":163,"column":5}},"87":{"start":{"line":156,"column":4},"end":{"line":162,"column":7}},"88":{"start":{"line":159,"column":6},"end":{"line":159,"column":46}},"89":{"start":{"line":161,"column":6},"end":{"line":161,"column":18}},"90":{"start":{"line":166,"column":0},"end":{"line":196,"column":2}},"91":{"start":{"line":167,"column":15},"end":{"line":167,"column":19}},"92":{"start":{"line":169,"column":2},"end":{"line":195,"column":5}},"93":{"start":{"line":172,"column":19},"end":{"line":172,"column":21}},"94":{"start":{"line":173,"column":4},"end":{"line":191,"column":7}},"95":{"start":{"line":174,"column":6},"end":{"line":190,"column":7}},"96":{"start":{"line":175,"column":31},"end":{"line":182,"column":9}},"97":{"start":{"line":183,"column":8},"end":{"line":183,"column":81}},"98":{"start":{"line":184,"column":8},"end":{"line":189,"column":11}},"99":{"start":{"line":185,"column":10},"end":{"line":188,"column":32}},"100":{"start":{"line":192,"column":4},"end":{"line":192,"column":52}},"101":{"start":{"line":194,"column":4},"end":{"line":194,"column":28}},"102":{"start":{"line":198,"column":0},"end":{"line":198,"column":41}}},"fnMap":{"0":{"name":"_objectSpread","decl":{"start":{"line":3,"column":9},"end":{"line":3,"column":22}},"loc":{"start":{"line":3,"column":31},"end":{"line":3,"column":481}},"line":3},"1":{"name":"(anonymous_1)","decl":{"start":{"line":3,"column":295},"end":{"line":3,"column":296}},"loc":{"start":{"line":3,"column":310},"end":{"line":3,"column":377}},"line":3},"2":{"name":"(anonymous_2)","decl":{"start":{"line":3,"column":399},"end":{"line":3,"column":400}},"loc":{"start":{"line":3,"column":414},"end":{"line":3,"column":460}},"line":3},"3":{"name":"_defineProperty","decl":{"start":{"line":5,"column":9},"end":{"line":5,"column":24}},"loc":{"start":{"line":5,"column":42},"end":{"line":5,"column":209}},"line":5},"4":{"name":"(anonymous_4)","decl":{"start":{"line":42,"column":31},"end":{"line":42,"column":32}},"loc":{"start":{"line":42,"column":50},"end":{"line":60,"column":1}},"line":42},"5":{"name":"(anonymous_5)","decl":{"start":{"line":52,"column":21},"end":{"line":52,"column":22}},"loc":{"start":{"line":52,"column":48},"end":{"line":59,"column":3}},"line":52},"6":{"name":"(anonymous_6)","decl":{"start":{"line":54,"column":27},"end":{"line":54,"column":28}},"loc":{"start":{"line":54,"column":46},"end":{"line":56,"column":5}},"line":54},"7":{"name":"(anonymous_7)","decl":{"start":{"line":56,"column":16},"end":{"line":56,"column":17}},"loc":{"start":{"line":56,"column":31},"end":{"line":58,"column":5}},"line":56},"8":{"name":"(anonymous_8)","decl":{"start":{"line":62,"column":35},"end":{"line":62,"column":36}},"loc":{"start":{"line":62,"column":51},"end":{"line":78,"column":1}},"line":62},"9":{"name":"(anonymous_9)","decl":{"start":{"line":65,"column":21},"end":{"line":65,"column":22}},"loc":{"start":{"line":65,"column":48},"end":{"line":77,"column":3}},"line":65},"10":{"name":"(anonymous_10)","decl":{"start":{"line":72,"column":12},"end":{"line":72,"column":13}},"loc":{"start":{"line":72,"column":32},"end":{"line":74,"column":5}},"line":72},"11":{"name":"(anonymous_11)","decl":{"start":{"line":74,"column":16},"end":{"line":74,"column":17}},"loc":{"start":{"line":74,"column":31},"end":{"line":76,"column":5}},"line":74},"12":{"name":"(anonymous_12)","decl":{"start":{"line":80,"column":28},"end":{"line":80,"column":29}},"loc":{"start":{"line":80,"column":42},"end":{"line":95,"column":1}},"line":80},"13":{"name":"(anonymous_13)","decl":{"start":{"line":84,"column":21},"end":{"line":84,"column":22}},"loc":{"start":{"line":84,"column":48},"end":{"line":94,"column":3}},"line":84},"14":{"name":"(anonymous_14)","decl":{"start":{"line":85,"column":29},"end":{"line":85,"column":30}},"loc":{"start":{"line":85,"column":48},"end":{"line":91,"column":5}},"line":85},"15":{"name":"(anonymous_15)","decl":{"start":{"line":91,"column":16},"end":{"line":91,"column":17}},"loc":{"start":{"line":91,"column":31},"end":{"line":93,"column":5}},"line":91},"16":{"name":"(anonymous_16)","decl":{"start":{"line":97,"column":31},"end":{"line":97,"column":32}},"loc":{"start":{"line":97,"column":43},"end":{"line":107,"column":1}},"line":97},"17":{"name":"(anonymous_17)","decl":{"start":{"line":100,"column":21},"end":{"line":100,"column":22}},"loc":{"start":{"line":100,"column":48},"end":{"line":106,"column":3}},"line":100},"18":{"name":"(anonymous_18)","decl":{"start":{"line":101,"column":23},"end":{"line":101,"column":24}},"loc":{"start":{"line":101,"column":43},"end":{"line":103,"column":5}},"line":101},"19":{"name":"(anonymous_19)","decl":{"start":{"line":103,"column":16},"end":{"line":103,"column":17}},"loc":{"start":{"line":103,"column":31},"end":{"line":105,"column":5}},"line":103},"20":{"name":"(anonymous_20)","decl":{"start":{"line":109,"column":33},"end":{"line":109,"column":34}},"loc":{"start":{"line":109,"column":53},"end":{"line":124,"column":1}},"line":109},"21":{"name":"(anonymous_21)","decl":{"start":{"line":112,"column":21},"end":{"line":112,"column":22}},"loc":{"start":{"line":112,"column":48},"end":{"line":123,"column":3}},"line":112},"22":{"name":"(anonymous_22)","decl":{"start":{"line":113,"column":24},"end":{"line":113,"column":25}},"loc":{"start":{"line":113,"column":43},"end":{"line":120,"column":5}},"line":113},"23":{"name":"(anonymous_23)","decl":{"start":{"line":114,"column":47},"end":{"line":114,"column":48}},"loc":{"start":{"line":114,"column":64},"end":{"line":117,"column":7}},"line":114},"24":{"name":"(anonymous_24)","decl":{"start":{"line":117,"column":18},"end":{"line":117,"column":19}},"loc":{"start":{"line":117,"column":33},"end":{"line":119,"column":7}},"line":117},"25":{"name":"(anonymous_25)","decl":{"start":{"line":120,"column":16},"end":{"line":120,"column":17}},"loc":{"start":{"line":120,"column":31},"end":{"line":122,"column":5}},"line":120},"26":{"name":"(anonymous_26)","decl":{"start":{"line":126,"column":38},"end":{"line":126,"column":39}},"loc":{"start":{"line":126,"column":71},"end":{"line":149,"column":1}},"line":126},"27":{"name":"(anonymous_27)","decl":{"start":{"line":132,"column":21},"end":{"line":132,"column":22}},"loc":{"start":{"line":132,"column":48},"end":{"line":148,"column":3}},"line":132},"28":{"name":"(anonymous_28)","decl":{"start":{"line":133,"column":29},"end":{"line":133,"column":30}},"loc":{"start":{"line":133,"column":48},"end":{"line":147,"column":5}},"line":133},"29":{"name":"(anonymous_29)","decl":{"start":{"line":139,"column":32},"end":{"line":139,"column":33}},"loc":{"start":{"line":139,"column":58},"end":{"line":141,"column":9}},"line":139},"30":{"name":"(anonymous_30)","decl":{"start":{"line":141,"column":20},"end":{"line":141,"column":21}},"loc":{"start":{"line":141,"column":35},"end":{"line":143,"column":9}},"line":141},"31":{"name":"(anonymous_31)","decl":{"start":{"line":151,"column":34},"end":{"line":151,"column":35}},"loc":{"start":{"line":151,"column":48},"end":{"line":164,"column":1}},"line":151},"32":{"name":"(anonymous_32)","decl":{"start":{"line":155,"column":21},"end":{"line":155,"column":22}},"loc":{"start":{"line":155,"column":48},"end":{"line":163,"column":3}},"line":155},"33":{"name":"(anonymous_33)","decl":{"start":{"line":158,"column":12},"end":{"line":158,"column":13}},"loc":{"start":{"line":158,"column":24},"end":{"line":160,"column":5}},"line":158},"34":{"name":"(anonymous_34)","decl":{"start":{"line":160,"column":16},"end":{"line":160,"column":17}},"loc":{"start":{"line":160,"column":31},"end":{"line":162,"column":5}},"line":160},"35":{"name":"(anonymous_35)","decl":{"start":{"line":166,"column":42},"end":{"line":166,"column":43}},"loc":{"start":{"line":166,"column":66},"end":{"line":196,"column":1}},"line":166},"36":{"name":"(anonymous_36)","decl":{"start":{"line":171,"column":30},"end":{"line":171,"column":31}},"loc":{"start":{"line":171,"column":47},"end":{"line":193,"column":3}},"line":171},"37":{"name":"(anonymous_37)","decl":{"start":{"line":173,"column":18},"end":{"line":173,"column":19}},"loc":{"start":{"line":173,"column":34},"end":{"line":191,"column":5}},"line":173},"38":{"name":"(anonymous_38)","decl":{"start":{"line":184,"column":40},"end":{"line":184,"column":41}},"loc":{"start":{"line":184,"column":61},"end":{"line":189,"column":9}},"line":184},"39":{"name":"(anonymous_39)","decl":{"start":{"line":193,"column":14},"end":{"line":193,"column":15}},"loc":{"start":{"line":193,"column":29},"end":{"line":195,"column":3}},"line":193}},"branchMap":{"0":{"loc":{"start":{"line":3,"column":91},"end":{"line":3,"column":131}},"type":"cond-expr","locations":[{"start":{"line":3,"column":114},"end":{"line":3,"column":126}},{"start":{"line":3,"column":129},"end":{"line":3,"column":131}}],"line":3},"1":{"loc":{"start":{"line":3,"column":168},"end":{"line":3,"column":382}},"type":"if","locations":[{"start":{"line":3,"column":168},"end":{"line":3,"column":382}},{"start":{"line":3,"column":168},"end":{"line":3,"column":382}}],"line":3},"2":{"loc":{"start":{"line":5,"column":44},"end":{"line":5,"column":195}},"type":"if","locations":[{"start":{"line":5,"column":44},"end":{"line":5,"column":195}},{"start":{"line":5,"column":44},"end":{"line":5,"column":195}}],"line":5},"3":{"loc":{"start":{"line":86,"column":6},"end":{"line":90,"column":7}},"type":"if","locations":[{"start":{"line":86,"column":6},"end":{"line":90,"column":7}},{"start":{"line":86,"column":6},"end":{"line":90,"column":7}}],"line":86},"4":{"loc":{"start":{"line":115,"column":8},"end":{"line":115,"column":31}},"type":"if","locations":[{"start":{"line":115,"column":8},"end":{"line":115,"column":31}},{"start":{"line":115,"column":8},"end":{"line":115,"column":31}}],"line":115},"5":{"loc":{"start":{"line":134,"column":6},"end":{"line":146,"column":7}},"type":"if","locations":[{"start":{"line":134,"column":6},"end":{"line":146,"column":7}},{"start":{"line":134,"column":6},"end":{"line":146,"column":7}}],"line":134},"6":{"loc":{"start":{"line":174,"column":6},"end":{"line":190,"column":7}},"type":"if","locations":[{"start":{"line":174,"column":6},"end":{"line":190,"column":7}},{"start":{"line":174,"column":6},"end":{"line":190,"column":7}}],"line":174}},"s":{"0":0,"1":0,"2":0,"3":0,"4":0,"5":0,"6":0,"7":0,"8":0,"9":0,"10":0,"11":0,"12":0,"13":0,"14":1,"15":1,"16":1,"17":1,"18":1,"19":1,"20":1,"21":1,"22":1,"23":1,"24":1,"25":1,"26":1,"27":0,"28":0,"29":0,"30":0,"31":0,"32":0,"33":0,"34":0,"35":0,"36":1,"37":0,"38":0,"39":0,"40":0,"41":0,"42":0,"43":1,"44":0,"45":0,"46":0,"47":0,"48":0,"49":0,"50":0,"51":0,"52":1,"53":0,"54":0,"55":0,"56":0,"57":0,"58":1,"59":0,"60":0,"61":0,"62":0,"63":0,"64":0,"65":0,"66":0,"67":0,"68":1,"69":0,"70":0,"71":0,"72":0,"73":0,"74":0,"75":0,"76":0,"77":0,"78":0,"79":0,"80":0,"81":0,"82":0,"83":1,"84":0,"85":0,"86":0,"87":0,"88":0,"89":0,"90":1,"91":0,"92":0,"93":0,"94":0,"95":0,"96":0,"97":0,"98":0,"99":0,"100":0,"101":0,"102":1},"f":{"0":0,"1":0,"2":0,"3":0,"4":0,"5":0,"6":0,"7":0,"8":0,"9":0,"10":0,"11":0,"12":0,"13":0,"14":0,"15":0,"16":0,"17":0,"18":0,"19":0,"20":0,"21":0,"22":0,"23":0,"24":0,"25":0,"26":0,"27":0,"28":0,"29":0,"30":0,"31":0,"32":0,"33":0,"34":0,"35":0,"36":0,"37":0,"38":0,"39":0},"b":{"0":[0,0],"1":[0,0],"2":[0,0],"3":[0,0],"4":[0,0],"5":[0,0],"6":[0,0]},"_coverageSchema":"43e27e138ebf9cfc5966b082cf9a028302ed4184","hash":"a700eda95e7f907ab2c5275e29f88f7191ea3dca","contentHash":"9e429bc15ed6fdf47c96ecc0e92ff05fb17ff71412a45759f0f37d50a2b5a273"},"/home/ryan/src/picklechips/skybunk-server/models/User.js":{"path":"/home/ryan/src/picklechips/skybunk-server/models/User.js","statementMap":{"0":{"start":{"line":3,"column":13},"end":{"line":3,"column":53}},"1":{"start":{"line":5,"column":39},"end":{"line":5,"column":95}},"2":{"start":{"line":7,"column":35},"end":{"line":7,"column":115}},"3":{"start":{"line":9,"column":32},"end":{"line":9,"column":103}},"4":{"start":{"line":11,"column":34},"end":{"line":11,"column":160}},"5":{"start":{"line":11,"column":136},"end":{"line":11,"column":160}},"6":{"start":{"line":13,"column":35},"end":{"line":13,"column":164}},"7":{"start":{"line":13,"column":61},"end":{"line":13,"column":149}},"8":{"start":{"line":13,"column":74},"end":{"line":13,"column":75}},"9":{"start":{"line":13,"column":84},"end":{"line":13,"column":105}},"10":{"start":{"line":13,"column":130},"end":{"line":13,"column":147}},"11":{"start":{"line":13,"column":150},"end":{"line":13,"column":162}},"12":{"start":{"line":15,"column":0},"end":{"line":15,"column":28}},"13":{"start":{"line":17,"column":0},"end":{"line":17,"column":30}},"14":{"start":{"line":19,"column":0},"end":{"line":19,"column":27}},"15":{"start":{"line":21,"column":9},"end":{"line":21,"column":22}},"16":{"start":{"line":23,"column":11},"end":{"line":23,"column":26}},"17":{"start":{"line":25,"column":13},"end":{"line":25,"column":32}},"18":{"start":{"line":27,"column":15},"end":{"line":27,"column":34}},"19":{"start":{"line":29,"column":13},"end":{"line":29,"column":28}},"20":{"start":{"line":30,"column":21},"end":{"line":30,"column":53}},"21":{"start":{"line":31,"column":11},"end":{"line":31,"column":33}},"22":{"start":{"line":32,"column":17},"end":{"line":104,"column":2}},"23":{"start":{"line":106,"column":0},"end":{"line":119,"column":2}},"24":{"start":{"line":107,"column":14},"end":{"line":107,"column":18}},"25":{"start":{"line":109,"column":2},"end":{"line":118,"column":5}},"26":{"start":{"line":110,"column":4},"end":{"line":110,"column":33}},"27":{"start":{"line":111,"column":18},"end":{"line":111,"column":33}},"28":{"start":{"line":113,"column":4},"end":{"line":117,"column":7}},"29":{"start":{"line":114,"column":6},"end":{"line":114,"column":23}},"30":{"start":{"line":116,"column":6},"end":{"line":116,"column":18}},"31":{"start":{"line":122,"column":0},"end":{"line":143,"column":2}},"32":{"start":{"line":123,"column":15},"end":{"line":123,"column":19}},"33":{"start":{"line":125,"column":2},"end":{"line":142,"column":5}},"34":{"start":{"line":126,"column":4},"end":{"line":141,"column":7}},"35":{"start":{"line":129,"column":6},"end":{"line":140,"column":7}},"36":{"start":{"line":130,"column":8},"end":{"line":130,"column":49}},"37":{"start":{"line":133,"column":8},"end":{"line":139,"column":11}},"38":{"start":{"line":134,"column":10},"end":{"line":138,"column":11}},"39":{"start":{"line":135,"column":12},"end":{"line":135,"column":26}},"40":{"start":{"line":137,"column":12},"end":{"line":137,"column":51}},"41":{"start":{"line":145,"column":0},"end":{"line":169,"column":2}},"42":{"start":{"line":146,"column":15},"end":{"line":146,"column":19}},"43":{"start":{"line":148,"column":2},"end":{"line":168,"column":5}},"44":{"start":{"line":149,"column":4},"end":{"line":167,"column":7}},"45":{"start":{"line":152,"column":6},"end":{"line":164,"column":7}},"46":{"start":{"line":153,"column":8},"end":{"line":153,"column":45}},"47":{"start":{"line":155,"column":23},"end":{"line":155,"column":25}},"48":{"start":{"line":156,"column":8},"end":{"line":158,"column":11}},"49":{"start":{"line":157,"column":10},"end":{"line":157,"column":42}},"50":{"start":{"line":159,"column":8},"end":{"line":163,"column":11}},"51":{"start":{"line":160,"column":10},"end":{"line":160,"column":24}},"52":{"start":{"line":162,"column":10},"end":{"line":162,"column":29}},"53":{"start":{"line":166,"column":6},"end":{"line":166,"column":18}},"54":{"start":{"line":172,"column":0},"end":{"line":188,"column":2}},"55":{"start":{"line":173,"column":15},"end":{"line":173,"column":19}},"56":{"start":{"line":175,"column":2},"end":{"line":187,"column":5}},"57":{"start":{"line":176,"column":4},"end":{"line":176,"column":49}},"58":{"start":{"line":177,"column":4},"end":{"line":177,"column":47}},"59":{"start":{"line":178,"column":4},"end":{"line":178,"column":47}},"60":{"start":{"line":179,"column":4},"end":{"line":179,"column":67}},"61":{"start":{"line":180,"column":4},"end":{"line":180,"column":39}},"62":{"start":{"line":182,"column":4},"end":{"line":186,"column":7}},"63":{"start":{"line":183,"column":6},"end":{"line":183,"column":20}},"64":{"start":{"line":185,"column":6},"end":{"line":185,"column":18}},"65":{"start":{"line":191,"column":0},"end":{"line":211,"column":2}},"66":{"start":{"line":192,"column":15},"end":{"line":192,"column":19}},"67":{"start":{"line":194,"column":2},"end":{"line":210,"column":5}},"68":{"start":{"line":195,"column":4},"end":{"line":209,"column":7}},"69":{"start":{"line":196,"column":6},"end":{"line":208,"column":9}},"70":{"start":{"line":197,"column":8},"end":{"line":207,"column":9}},"71":{"start":{"line":198,"column":10},"end":{"line":198,"column":22}},"72":{"start":{"line":200,"column":10},"end":{"line":200,"column":33}},"73":{"start":{"line":202,"column":10},"end":{"line":206,"column":13}},"74":{"start":{"line":203,"column":12},"end":{"line":203,"column":26}},"75":{"start":{"line":205,"column":12},"end":{"line":205,"column":24}},"76":{"start":{"line":213,"column":0},"end":{"line":248,"column":2}},"77":{"start":{"line":214,"column":15},"end":{"line":214,"column":19}},"78":{"start":{"line":216,"column":2},"end":{"line":247,"column":5}},"79":{"start":{"line":217,"column":4},"end":{"line":246,"column":7}},"80":{"start":{"line":222,"column":6},"end":{"line":243,"column":7}},"81":{"start":{"line":223,"column":8},"end":{"line":227,"column":11}},"82":{"start":{"line":224,"column":10},"end":{"line":224,"column":23}},"83":{"start":{"line":226,"column":10},"end":{"line":226,"column":29}},"84":{"start":{"line":229,"column":32},"end":{"line":231,"column":10}},"85":{"start":{"line":232,"column":8},"end":{"line":242,"column":11}},"86":{"start":{"line":233,"column":10},"end":{"line":233,"column":38}},"87":{"start":{"line":235,"column":10},"end":{"line":239,"column":13}},"88":{"start":{"line":236,"column":12},"end":{"line":236,"column":41}},"89":{"start":{"line":238,"column":12},"end":{"line":238,"column":31}},"90":{"start":{"line":241,"column":10},"end":{"line":241,"column":29}},"91":{"start":{"line":245,"column":6},"end":{"line":245,"column":18}},"92":{"start":{"line":250,"column":0},"end":{"line":268,"column":2}},"93":{"start":{"line":251,"column":15},"end":{"line":251,"column":19}},"94":{"start":{"line":253,"column":2},"end":{"line":267,"column":5}},"95":{"start":{"line":256,"column":15},"end":{"line":258,"column":6}},"96":{"start":{"line":257,"column":6},"end":{"line":257,"column":26}},"97":{"start":{"line":260,"column":24},"end":{"line":260,"column":80}},"98":{"start":{"line":262,"column":4},"end":{"line":266,"column":7}},"99":{"start":{"line":263,"column":6},"end":{"line":263,"column":21}},"100":{"start":{"line":265,"column":6},"end":{"line":265,"column":18}},"101":{"start":{"line":270,"column":0},"end":{"line":288,"column":2}},"102":{"start":{"line":271,"column":15},"end":{"line":271,"column":19}},"103":{"start":{"line":273,"column":2},"end":{"line":287,"column":5}},"104":{"start":{"line":274,"column":4},"end":{"line":286,"column":5}},"105":{"start":{"line":275,"column":6},"end":{"line":275,"column":46}},"106":{"start":{"line":276,"column":11},"end":{"line":286,"column":5}},"107":{"start":{"line":277,"column":6},"end":{"line":277,"column":21}},"108":{"start":{"line":279,"column":6},"end":{"line":279,"column":117}},"109":{"start":{"line":279,"column":38},"end":{"line":279,"column":74}},"110":{"start":{"line":279,"column":79},"end":{"line":279,"column":117}},"111":{"start":{"line":281,"column":6},"end":{"line":285,"column":9}},"112":{"start":{"line":282,"column":8},"end":{"line":282,"column":23}},"113":{"start":{"line":284,"column":8},"end":{"line":284,"column":20}},"114":{"start":{"line":290,"column":0},"end":{"line":294,"column":2}},"115":{"start":{"line":291,"column":2},"end":{"line":291,"column":80}},"116":{"start":{"line":291,"column":27},"end":{"line":291,"column":80}},"117":{"start":{"line":292,"column":16},"end":{"line":292,"column":79}},"118":{"start":{"line":293,"column":2},"end":{"line":293,"column":44}},"119":{"start":{"line":296,"column":0},"end":{"line":296,"column":35}}},"fnMap":{"0":{"name":"_interopRequireDefault","decl":{"start":{"line":5,"column":9},"end":{"line":5,"column":31}},"loc":{"start":{"line":5,"column":37},"end":{"line":5,"column":97}},"line":5},"1":{"name":"_toConsumableArray","decl":{"start":{"line":7,"column":9},"end":{"line":7,"column":27}},"loc":{"start":{"line":7,"column":33},"end":{"line":7,"column":117}},"line":7},"2":{"name":"_nonIterableSpread","decl":{"start":{"line":9,"column":9},"end":{"line":9,"column":27}},"loc":{"start":{"line":9,"column":30},"end":{"line":9,"column":105}},"line":9},"3":{"name":"_iterableToArray","decl":{"start":{"line":11,"column":9},"end":{"line":11,"column":25}},"loc":{"start":{"line":11,"column":32},"end":{"line":11,"column":162}},"line":11},"4":{"name":"_arrayWithoutHoles","decl":{"start":{"line":13,"column":9},"end":{"line":13,"column":27}},"loc":{"start":{"line":13,"column":33},"end":{"line":13,"column":166}},"line":13},"5":{"name":"(anonymous_5)","decl":{"start":{"line":106,"column":28},"end":{"line":106,"column":29}},"loc":{"start":{"line":106,"column":44},"end":{"line":119,"column":1}},"line":106},"6":{"name":"(anonymous_6)","decl":{"start":{"line":109,"column":21},"end":{"line":109,"column":22}},"loc":{"start":{"line":109,"column":48},"end":{"line":118,"column":3}},"line":109},"7":{"name":"(anonymous_7)","decl":{"start":{"line":113,"column":50},"end":{"line":113,"column":51}},"loc":{"start":{"line":113,"column":62},"end":{"line":115,"column":5}},"line":113},"8":{"name":"(anonymous_8)","decl":{"start":{"line":115,"column":16},"end":{"line":115,"column":17}},"loc":{"start":{"line":115,"column":31},"end":{"line":117,"column":5}},"line":115},"9":{"name":"(anonymous_9)","decl":{"start":{"line":122,"column":34},"end":{"line":122,"column":35}},"loc":{"start":{"line":122,"column":64},"end":{"line":143,"column":1}},"line":122},"10":{"name":"(anonymous_10)","decl":{"start":{"line":125,"column":21},"end":{"line":125,"column":22}},"loc":{"start":{"line":125,"column":48},"end":{"line":142,"column":3}},"line":125},"11":{"name":"(anonymous_11)","decl":{"start":{"line":128,"column":12},"end":{"line":128,"column":13}},"loc":{"start":{"line":128,"column":28},"end":{"line":141,"column":5}},"line":128},"12":{"name":"(anonymous_12)","decl":{"start":{"line":133,"column":48},"end":{"line":133,"column":49}},"loc":{"start":{"line":133,"column":72},"end":{"line":139,"column":9}},"line":133},"13":{"name":"(anonymous_13)","decl":{"start":{"line":145,"column":36},"end":{"line":145,"column":37}},"loc":{"start":{"line":145,"column":50},"end":{"line":169,"column":1}},"line":145},"14":{"name":"(anonymous_14)","decl":{"start":{"line":148,"column":21},"end":{"line":148,"column":22}},"loc":{"start":{"line":148,"column":48},"end":{"line":168,"column":3}},"line":148},"15":{"name":"(anonymous_15)","decl":{"start":{"line":151,"column":38},"end":{"line":151,"column":39}},"loc":{"start":{"line":151,"column":54},"end":{"line":165,"column":5}},"line":151},"16":{"name":"(anonymous_16)","decl":{"start":{"line":156,"column":35},"end":{"line":156,"column":36}},"loc":{"start":{"line":156,"column":52},"end":{"line":158,"column":9}},"line":156},"17":{"name":"(anonymous_17)","decl":{"start":{"line":159,"column":35},"end":{"line":159,"column":36}},"loc":{"start":{"line":159,"column":47},"end":{"line":161,"column":9}},"line":159},"18":{"name":"(anonymous_18)","decl":{"start":{"line":161,"column":20},"end":{"line":161,"column":21}},"loc":{"start":{"line":161,"column":35},"end":{"line":163,"column":9}},"line":161},"19":{"name":"(anonymous_19)","decl":{"start":{"line":165,"column":16},"end":{"line":165,"column":17}},"loc":{"start":{"line":165,"column":31},"end":{"line":167,"column":5}},"line":165},"20":{"name":"(anonymous_20)","decl":{"start":{"line":172,"column":28},"end":{"line":172,"column":29}},"loc":{"start":{"line":172,"column":55},"end":{"line":188,"column":1}},"line":172},"21":{"name":"(anonymous_21)","decl":{"start":{"line":175,"column":21},"end":{"line":175,"column":22}},"loc":{"start":{"line":175,"column":48},"end":{"line":187,"column":3}},"line":175},"22":{"name":"(anonymous_22)","decl":{"start":{"line":182,"column":23},"end":{"line":182,"column":24}},"loc":{"start":{"line":182,"column":39},"end":{"line":184,"column":5}},"line":182},"23":{"name":"(anonymous_23)","decl":{"start":{"line":184,"column":16},"end":{"line":184,"column":17}},"loc":{"start":{"line":184,"column":31},"end":{"line":186,"column":5}},"line":184},"24":{"name":"(anonymous_24)","decl":{"start":{"line":191,"column":36},"end":{"line":191,"column":37}},"loc":{"start":{"line":191,"column":59},"end":{"line":211,"column":1}},"line":191},"25":{"name":"(anonymous_25)","decl":{"start":{"line":194,"column":21},"end":{"line":194,"column":22}},"loc":{"start":{"line":194,"column":48},"end":{"line":210,"column":3}},"line":194},"26":{"name":"(anonymous_26)","decl":{"start":{"line":195,"column":23},"end":{"line":195,"column":24}},"loc":{"start":{"line":195,"column":44},"end":{"line":209,"column":5}},"line":195},"27":{"name":"(anonymous_27)","decl":{"start":{"line":196,"column":37},"end":{"line":196,"column":38}},"loc":{"start":{"line":196,"column":58},"end":{"line":208,"column":7}},"line":196},"28":{"name":"(anonymous_28)","decl":{"start":{"line":202,"column":29},"end":{"line":202,"column":30}},"loc":{"start":{"line":202,"column":41},"end":{"line":204,"column":11}},"line":202},"29":{"name":"(anonymous_29)","decl":{"start":{"line":204,"column":22},"end":{"line":204,"column":23}},"loc":{"start":{"line":204,"column":37},"end":{"line":206,"column":11}},"line":204},"30":{"name":"(anonymous_30)","decl":{"start":{"line":213,"column":42},"end":{"line":213,"column":43}},"loc":{"start":{"line":213,"column":63},"end":{"line":248,"column":1}},"line":213},"31":{"name":"(anonymous_31)","decl":{"start":{"line":216,"column":21},"end":{"line":216,"column":22}},"loc":{"start":{"line":216,"column":48},"end":{"line":247,"column":3}},"line":216},"32":{"name":"(anonymous_32)","decl":{"start":{"line":221,"column":30},"end":{"line":221,"column":31}},"loc":{"start":{"line":221,"column":54},"end":{"line":244,"column":5}},"line":221},"33":{"name":"(anonymous_33)","decl":{"start":{"line":223,"column":56},"end":{"line":223,"column":57}},"loc":{"start":{"line":223,"column":71},"end":{"line":225,"column":9}},"line":223},"34":{"name":"(anonymous_34)","decl":{"start":{"line":225,"column":20},"end":{"line":225,"column":21}},"loc":{"start":{"line":225,"column":35},"end":{"line":227,"column":9}},"line":225},"35":{"name":"(anonymous_35)","decl":{"start":{"line":232,"column":38},"end":{"line":232,"column":39}},"loc":{"start":{"line":232,"column":53},"end":{"line":240,"column":9}},"line":232},"36":{"name":"(anonymous_36)","decl":{"start":{"line":235,"column":29},"end":{"line":235,"column":30}},"loc":{"start":{"line":235,"column":45},"end":{"line":237,"column":11}},"line":235},"37":{"name":"(anonymous_37)","decl":{"start":{"line":237,"column":22},"end":{"line":237,"column":23}},"loc":{"start":{"line":237,"column":37},"end":{"line":239,"column":11}},"line":237},"38":{"name":"(anonymous_38)","decl":{"start":{"line":240,"column":20},"end":{"line":240,"column":21}},"loc":{"start":{"line":240,"column":35},"end":{"line":242,"column":9}},"line":240},"39":{"name":"(anonymous_39)","decl":{"start":{"line":244,"column":16},"end":{"line":244,"column":17}},"loc":{"start":{"line":244,"column":31},"end":{"line":246,"column":5}},"line":244},"40":{"name":"(anonymous_40)","decl":{"start":{"line":250,"column":38},"end":{"line":250,"column":39}},"loc":{"start":{"line":250,"column":54},"end":{"line":268,"column":1}},"line":250},"41":{"name":"(anonymous_41)","decl":{"start":{"line":253,"column":21},"end":{"line":253,"column":22}},"loc":{"start":{"line":253,"column":48},"end":{"line":267,"column":3}},"line":253},"42":{"name":"(anonymous_42)","decl":{"start":{"line":256,"column":45},"end":{"line":256,"column":46}},"loc":{"start":{"line":256,"column":64},"end":{"line":258,"column":5}},"line":256},"43":{"name":"(anonymous_43)","decl":{"start":{"line":262,"column":46},"end":{"line":262,"column":47}},"loc":{"start":{"line":262,"column":63},"end":{"line":264,"column":5}},"line":262},"44":{"name":"(anonymous_44)","decl":{"start":{"line":264,"column":16},"end":{"line":264,"column":17}},"loc":{"start":{"line":264,"column":31},"end":{"line":266,"column":5}},"line":264},"45":{"name":"(anonymous_45)","decl":{"start":{"line":270,"column":47},"end":{"line":270,"column":48}},"loc":{"start":{"line":270,"column":64},"end":{"line":288,"column":1}},"line":270},"46":{"name":"(anonymous_46)","decl":{"start":{"line":273,"column":21},"end":{"line":273,"column":22}},"loc":{"start":{"line":273,"column":48},"end":{"line":287,"column":3}},"line":273},"47":{"name":"(anonymous_47)","decl":{"start":{"line":281,"column":25},"end":{"line":281,"column":26}},"loc":{"start":{"line":281,"column":37},"end":{"line":283,"column":7}},"line":281},"48":{"name":"(anonymous_48)","decl":{"start":{"line":283,"column":18},"end":{"line":283,"column":19}},"loc":{"start":{"line":283,"column":33},"end":{"line":285,"column":7}},"line":283},"49":{"name":"(anonymous_49)","decl":{"start":{"line":290,"column":39},"end":{"line":290,"column":40}},"loc":{"start":{"line":290,"column":51},"end":{"line":294,"column":1}},"line":290}},"branchMap":{"0":{"loc":{"start":{"line":5,"column":46},"end":{"line":5,"column":94}},"type":"cond-expr","locations":[{"start":{"line":5,"column":70},"end":{"line":5,"column":73}},{"start":{"line":5,"column":76},"end":{"line":5,"column":94}}],"line":5},"1":{"loc":{"start":{"line":5,"column":46},"end":{"line":5,"column":67}},"type":"binary-expr","locations":[{"start":{"line":5,"column":46},"end":{"line":5,"column":49}},{"start":{"line":5,"column":53},"end":{"line":5,"column":67}}],"line":5},"2":{"loc":{"start":{"line":7,"column":42},"end":{"line":7,"column":114}},"type":"binary-expr","locations":[{"start":{"line":7,"column":42},"end":{"line":7,"column":65}},{"start":{"line":7,"column":69},"end":{"line":7,"column":90}},{"start":{"line":7,"column":94},"end":{"line":7,"column":114}}],"line":7},"3":{"loc":{"start":{"line":11,"column":34},"end":{"line":11,"column":160}},"type":"if","locations":[{"start":{"line":11,"column":34},"end":{"line":11,"column":160}},{"start":{"line":11,"column":34},"end":{"line":11,"column":160}}],"line":11},"4":{"loc":{"start":{"line":11,"column":38},"end":{"line":11,"column":134}},"type":"binary-expr","locations":[{"start":{"line":11,"column":38},"end":{"line":11,"column":69}},{"start":{"line":11,"column":73},"end":{"line":11,"column":134}}],"line":11},"5":{"loc":{"start":{"line":13,"column":35},"end":{"line":13,"column":164}},"type":"if","locations":[{"start":{"line":13,"column":35},"end":{"line":13,"column":164}},{"start":{"line":13,"column":35},"end":{"line":13,"column":164}}],"line":13},"6":{"loc":{"start":{"line":129,"column":6},"end":{"line":140,"column":7}},"type":"if","locations":[{"start":{"line":129,"column":6},"end":{"line":140,"column":7}},{"start":{"line":129,"column":6},"end":{"line":140,"column":7}}],"line":129},"7":{"loc":{"start":{"line":134,"column":10},"end":{"line":138,"column":11}},"type":"if","locations":[{"start":{"line":134,"column":10},"end":{"line":138,"column":11}},{"start":{"line":134,"column":10},"end":{"line":138,"column":11}}],"line":134},"8":{"loc":{"start":{"line":134,"column":14},"end":{"line":134,"column":29}},"type":"binary-expr","locations":[{"start":{"line":134,"column":14},"end":{"line":134,"column":21}},{"start":{"line":134,"column":25},"end":{"line":134,"column":29}}],"line":134},"9":{"loc":{"start":{"line":152,"column":6},"end":{"line":164,"column":7}},"type":"if","locations":[{"start":{"line":152,"column":6},"end":{"line":164,"column":7}},{"start":{"line":152,"column":6},"end":{"line":164,"column":7}}],"line":152},"10":{"loc":{"start":{"line":197,"column":8},"end":{"line":207,"column":9}},"type":"if","locations":[{"start":{"line":197,"column":8},"end":{"line":207,"column":9}},{"start":{"line":197,"column":8},"end":{"line":207,"column":9}}],"line":197},"11":{"loc":{"start":{"line":222,"column":6},"end":{"line":243,"column":7}},"type":"if","locations":[{"start":{"line":222,"column":6},"end":{"line":243,"column":7}},{"start":{"line":222,"column":6},"end":{"line":243,"column":7}}],"line":222},"12":{"loc":{"start":{"line":274,"column":4},"end":{"line":286,"column":5}},"type":"if","locations":[{"start":{"line":274,"column":4},"end":{"line":286,"column":5}},{"start":{"line":274,"column":4},"end":{"line":286,"column":5}}],"line":274},"13":{"loc":{"start":{"line":276,"column":11},"end":{"line":286,"column":5}},"type":"if","locations":[{"start":{"line":276,"column":11},"end":{"line":286,"column":5}},{"start":{"line":276,"column":11},"end":{"line":286,"column":5}}],"line":276},"14":{"loc":{"start":{"line":279,"column":6},"end":{"line":279,"column":117}},"type":"if","locations":[{"start":{"line":279,"column":6},"end":{"line":279,"column":117}},{"start":{"line":279,"column":6},"end":{"line":279,"column":117}}],"line":279},"15":{"loc":{"start":{"line":291,"column":2},"end":{"line":291,"column":80}},"type":"if","locations":[{"start":{"line":291,"column":2},"end":{"line":291,"column":80}},{"start":{"line":291,"column":2},"end":{"line":291,"column":80}}],"line":291}},"s":{"0":1,"1":1,"2":1,"3":0,"4":0,"5":0,"6":1,"7":1,"8":1,"9":1,"10":2,"11":1,"12":1,"13":1,"14":1,"15":1,"16":1,"17":1,"18":1,"19":1,"20":1,"21":1,"22":1,"23":1,"24":2,"25":2,"26":2,"27":2,"28":2,"29":2,"30":0,"31":1,"32":3,"33":3,"34":3,"35":3,"36":1,"37":2,"38":2,"39":1,"40":1,"41":1,"42":1,"43":1,"44":1,"45":1,"46":0,"47":1,"48":1,"49":4,"50":1,"51":1,"52":0,"53":0,"54":1,"55":1,"56":1,"57":1,"58":1,"59":1,"60":1,"61":1,"62":1,"63":1,"64":0,"65":1,"66":2,"67":2,"68":2,"69":2,"70":2,"71":0,"72":2,"73":2,"74":2,"75":0,"76":1,"77":0,"78":0,"79":0,"80":0,"81":0,"82":0,"83":0,"84":0,"85":0,"86":0,"87":0,"88":0,"89":0,"90":0,"91":0,"92":1,"93":1,"94":1,"95":1,"96":2,"97":1,"98":1,"99":1,"100":0,"101":1,"102":2,"103":2,"104":2,"105":0,"106":2,"107":1,"108":1,"109":0,"110":1,"111":1,"112":1,"113":0,"114":1,"115":0,"116":0,"117":0,"118":0,"119":1},"f":{"0":1,"1":1,"2":0,"3":0,"4":1,"5":2,"6":2,"7":2,"8":0,"9":3,"10":3,"11":3,"12":2,"13":1,"14":1,"15":1,"16":4,"17":1,"18":0,"19":0,"20":1,"21":1,"22":1,"23":0,"24":2,"25":2,"26":2,"27":2,"28":2,"29":0,"30":0,"31":0,"32":0,"33":0,"34":0,"35":0,"36":0,"37":0,"38":0,"39":0,"40":1,"41":1,"42":2,"43":1,"44":0,"45":2,"46":2,"47":1,"48":0,"49":0},"b":{"0":[0,1],"1":[1,1],"2":[1,0,0],"3":[0,0],"4":[0,0],"5":[1,0],"6":[1,2],"7":[1,1],"8":[2,1],"9":[0,1],"10":[0,2],"11":[0,0],"12":[0,2],"13":[1,1],"14":[0,1],"15":[0,0]},"_coverageSchema":"43e27e138ebf9cfc5966b082cf9a028302ed4184","hash":"f27cf34565be699204f390ca8ffde94d8109289b","contentHash":"123ac29f3ed4d0382aae29da73b4b03dbbacfdd2ea5e51512643190465234c28"},"/home/ryan/src/picklechips/skybunk-server/models/ProfilePicture.js":{"path":"/home/ryan/src/picklechips/skybunk-server/models/ProfilePicture.js","statementMap":{"0":{"start":{"line":3,"column":15},"end":{"line":3,"column":34}},"1":{"start":{"line":5,"column":13},"end":{"line":5,"column":28}},"2":{"start":{"line":6,"column":27},"end":{"line":11,"column":2}},"3":{"start":{"line":13,"column":0},"end":{"line":25,"column":2}},"4":{"start":{"line":14,"column":14},"end":{"line":14,"column":18}},"5":{"start":{"line":16,"column":2},"end":{"line":24,"column":5}},"6":{"start":{"line":17,"column":4},"end":{"line":17,"column":29}},"7":{"start":{"line":19,"column":4},"end":{"line":23,"column":7}},"8":{"start":{"line":20,"column":6},"end":{"line":20,"column":19}},"9":{"start":{"line":22,"column":6},"end":{"line":22,"column":18}},"10":{"start":{"line":27,"column":0},"end":{"line":27,"column":55}}},"fnMap":{"0":{"name":"(anonymous_0)","decl":{"start":{"line":13,"column":38},"end":{"line":13,"column":39}},"loc":{"start":{"line":13,"column":59},"end":{"line":25,"column":1}},"line":13},"1":{"name":"(anonymous_1)","decl":{"start":{"line":16,"column":21},"end":{"line":16,"column":22}},"loc":{"start":{"line":16,"column":48},"end":{"line":24,"column":3}},"line":16},"2":{"name":"(anonymous_2)","decl":{"start":{"line":19,"column":22},"end":{"line":19,"column":23}},"loc":{"start":{"line":19,"column":37},"end":{"line":21,"column":5}},"line":19},"3":{"name":"(anonymous_3)","decl":{"start":{"line":21,"column":16},"end":{"line":21,"column":17}},"loc":{"start":{"line":21,"column":31},"end":{"line":23,"column":5}},"line":21}},"branchMap":{},"s":{"0":1,"1":1,"2":1,"3":1,"4":0,"5":0,"6":0,"7":0,"8":0,"9":0,"10":1},"f":{"0":0,"1":0,"2":0,"3":0},"b":{},"_coverageSchema":"43e27e138ebf9cfc5966b082cf9a028302ed4184","hash":"bdba7f2077486079970af06887178ccf3231abd8","contentHash":"9d4267903e1999a05974de324d3e31f7a5e19e9544850477a8ad47ca543746ec"},"/home/ryan/src/picklechips/skybunk-server/models/Posts.js":{"path":"/home/ryan/src/picklechips/skybunk-server/models/Posts.js","statementMap":{"0":{"start":{"line":3,"column":33},"end":{"line":3,"column":464}},"1":{"start":{"line":3,"column":46},"end":{"line":3,"column":47}},"2":{"start":{"line":3,"column":91},"end":{"line":3,"column":131}},"3":{"start":{"line":3,"column":147},"end":{"line":3,"column":166}},"4":{"start":{"line":3,"column":168},"end":{"line":3,"column":382}},"5":{"start":{"line":3,"column":226},"end":{"line":3,"column":380}},"6":{"start":{"line":3,"column":312},"end":{"line":3,"column":375}},"7":{"start":{"line":3,"column":383},"end":{"line":3,"column":462}},"8":{"start":{"line":3,"column":416},"end":{"line":3,"column":458}},"9":{"start":{"line":3,"column":465},"end":{"line":3,"column":479}},"10":{"start":{"line":5,"column":44},"end":{"line":5,"column":195}},"11":{"start":{"line":5,"column":62},"end":{"line":5,"column":166}},"12":{"start":{"line":5,"column":176},"end":{"line":5,"column":193}},"13":{"start":{"line":5,"column":196},"end":{"line":5,"column":207}},"14":{"start":{"line":7,"column":0},"end":{"line":7,"column":25}},"15":{"start":{"line":9,"column":15},"end":{"line":9,"column":34}},"16":{"start":{"line":11,"column":8},"end":{"line":11,"column":25}},"17":{"start":{"line":13,"column":12},"end":{"line":13,"column":28}},"18":{"start":{"line":15,"column":26},"end":{"line":15,"column":67}},"19":{"start":{"line":17,"column":15},"end":{"line":17,"column":47}},"20":{"start":{"line":18,"column":17},"end":{"line":18,"column":36}},"21":{"start":{"line":20,"column":13},"end":{"line":20,"column":41}},"22":{"start":{"line":22,"column":13},"end":{"line":22,"column":28}},"23":{"start":{"line":23,"column":15},"end":{"line":23,"column":38}},"24":{"start":{"line":24,"column":18},"end":{"line":24,"column":47}},"25":{"start":{"line":25,"column":12},"end":{"line":25,"column":14}},"26":{"start":{"line":28,"column":17},"end":{"line":75,"column":2}},"27":{"start":{"line":77,"column":0},"end":{"line":100,"column":2}},"28":{"start":{"line":78,"column":14},"end":{"line":78,"column":18}},"29":{"start":{"line":80,"column":22},"end":{"line":80,"column":47}},"30":{"start":{"line":82,"column":13},"end":{"line":82,"column":61}},"31":{"start":{"line":84,"column":2},"end":{"line":84,"column":43}},"32":{"start":{"line":85,"column":2},"end":{"line":85,"column":28}},"33":{"start":{"line":86,"column":2},"end":{"line":99,"column":5}},"34":{"start":{"line":87,"column":4},"end":{"line":89,"column":5}},"35":{"start":{"line":88,"column":6},"end":{"line":88,"column":98}},"36":{"start":{"line":91,"column":18},"end":{"line":91,"column":33}},"37":{"start":{"line":92,"column":4},"end":{"line":98,"column":7}},"38":{"start":{"line":94,"column":6},"end":{"line":94,"column":62}},"39":{"start":{"line":95,"column":6},"end":{"line":95,"column":20}},"40":{"start":{"line":97,"column":6},"end":{"line":97,"column":18}},"41":{"start":{"line":102,"column":0},"end":{"line":126,"column":2}},"42":{"start":{"line":103,"column":15},"end":{"line":103,"column":19}},"43":{"start":{"line":105,"column":2},"end":{"line":105,"column":20}},"44":{"start":{"line":106,"column":2},"end":{"line":125,"column":5}},"45":{"start":{"line":107,"column":4},"end":{"line":124,"column":7}},"46":{"start":{"line":117,"column":6},"end":{"line":121,"column":7}},"47":{"start":{"line":118,"column":8},"end":{"line":118,"column":22}},"48":{"start":{"line":120,"column":8},"end":{"line":120,"column":60}},"49":{"start":{"line":123,"column":6},"end":{"line":123,"column":18}},"50":{"start":{"line":128,"column":0},"end":{"line":148,"column":2}},"51":{"start":{"line":129,"column":15},"end":{"line":129,"column":19}},"52":{"start":{"line":131,"column":2},"end":{"line":131,"column":22}},"53":{"start":{"line":131,"column":13},"end":{"line":131,"column":22}},"54":{"start":{"line":132,"column":2},"end":{"line":147,"column":5}},"55":{"start":{"line":133,"column":4},"end":{"line":146,"column":7}},"56":{"start":{"line":143,"column":6},"end":{"line":143,"column":21}},"57":{"start":{"line":145,"column":6},"end":{"line":145,"column":18}},"58":{"start":{"line":150,"column":0},"end":{"line":172,"column":2}},"59":{"start":{"line":151,"column":15},"end":{"line":151,"column":19}},"60":{"start":{"line":153,"column":2},"end":{"line":153,"column":22}},"61":{"start":{"line":153,"column":13},"end":{"line":153,"column":22}},"62":{"start":{"line":154,"column":2},"end":{"line":171,"column":5}},"63":{"start":{"line":155,"column":4},"end":{"line":170,"column":7}},"64":{"start":{"line":167,"column":6},"end":{"line":167,"column":21}},"65":{"start":{"line":169,"column":6},"end":{"line":169,"column":18}},"66":{"start":{"line":174,"column":0},"end":{"line":198,"column":2}},"67":{"start":{"line":175,"column":15},"end":{"line":175,"column":19}},"68":{"start":{"line":177,"column":2},"end":{"line":177,"column":20}},"69":{"start":{"line":178,"column":2},"end":{"line":197,"column":5}},"70":{"start":{"line":179,"column":4},"end":{"line":181,"column":5}},"71":{"start":{"line":180,"column":6},"end":{"line":180,"column":98}},"72":{"start":{"line":183,"column":4},"end":{"line":196,"column":7}},"73":{"start":{"line":184,"column":6},"end":{"line":195,"column":7}},"74":{"start":{"line":185,"column":26},"end":{"line":185,"column":132}},"75":{"start":{"line":187,"column":8},"end":{"line":187,"column":72}},"76":{"start":{"line":187,"column":27},"end":{"line":187,"column":72}},"77":{"start":{"line":188,"column":8},"end":{"line":192,"column":11}},"78":{"start":{"line":189,"column":10},"end":{"line":189,"column":24}},"79":{"start":{"line":191,"column":10},"end":{"line":191,"column":22}},"80":{"start":{"line":194,"column":8},"end":{"line":194,"column":60}},"81":{"start":{"line":200,"column":0},"end":{"line":239,"column":2}},"82":{"start":{"line":201,"column":15},"end":{"line":201,"column":19}},"83":{"start":{"line":203,"column":2},"end":{"line":203,"column":20}},"84":{"start":{"line":204,"column":2},"end":{"line":238,"column":5}},"85":{"start":{"line":205,"column":4},"end":{"line":237,"column":7}},"86":{"start":{"line":206,"column":6},"end":{"line":236,"column":7}},"87":{"start":{"line":207,"column":8},"end":{"line":227,"column":9}},"88":{"start":{"line":208,"column":10},"end":{"line":216,"column":11}},"89":{"start":{"line":209,"column":12},"end":{"line":209,"column":30}},"90":{"start":{"line":211,"column":12},"end":{"line":211,"column":43}},"91":{"start":{"line":214,"column":12},"end":{"line":214,"column":39}},"92":{"start":{"line":215,"column":12},"end":{"line":215,"column":48}},"93":{"start":{"line":217,"column":15},"end":{"line":227,"column":9}},"94":{"start":{"line":218,"column":10},"end":{"line":218,"column":28}},"95":{"start":{"line":221,"column":10},"end":{"line":223,"column":13}},"96":{"start":{"line":222,"column":12},"end":{"line":222,"column":30}},"97":{"start":{"line":224,"column":10},"end":{"line":224,"column":46}},"98":{"start":{"line":226,"column":10},"end":{"line":226,"column":45}},"99":{"start":{"line":229,"column":8},"end":{"line":233,"column":11}},"100":{"start":{"line":230,"column":10},"end":{"line":230,"column":24}},"101":{"start":{"line":232,"column":10},"end":{"line":232,"column":22}},"102":{"start":{"line":235,"column":8},"end":{"line":235,"column":60}},"103":{"start":{"line":241,"column":0},"end":{"line":254,"column":2}},"104":{"start":{"line":242,"column":15},"end":{"line":242,"column":19}},"105":{"start":{"line":244,"column":2},"end":{"line":244,"column":20}},"106":{"start":{"line":245,"column":2},"end":{"line":253,"column":5}},"107":{"start":{"line":246,"column":4},"end":{"line":252,"column":7}},"108":{"start":{"line":249,"column":6},"end":{"line":249,"column":43}},"109":{"start":{"line":251,"column":6},"end":{"line":251,"column":18}},"110":{"start":{"line":256,"column":0},"end":{"line":282,"column":2}},"111":{"start":{"line":257,"column":15},"end":{"line":257,"column":19}},"112":{"start":{"line":259,"column":2},"end":{"line":259,"column":22}},"113":{"start":{"line":259,"column":13},"end":{"line":259,"column":22}},"114":{"start":{"line":260,"column":2},"end":{"line":281,"column":5}},"115":{"start":{"line":261,"column":24},"end":{"line":261,"column":40}},"116":{"start":{"line":263,"column":4},"end":{"line":280,"column":7}},"117":{"start":{"line":277,"column":6},"end":{"line":277,"column":21}},"118":{"start":{"line":279,"column":6},"end":{"line":279,"column":18}},"119":{"start":{"line":284,"column":0},"end":{"line":295,"column":2}},"120":{"start":{"line":285,"column":15},"end":{"line":285,"column":19}},"121":{"start":{"line":287,"column":2},"end":{"line":287,"column":20}},"122":{"start":{"line":288,"column":2},"end":{"line":294,"column":5}},"123":{"start":{"line":289,"column":4},"end":{"line":293,"column":7}},"124":{"start":{"line":290,"column":6},"end":{"line":290,"column":29}},"125":{"start":{"line":292,"column":6},"end":{"line":292,"column":18}},"126":{"start":{"line":297,"column":0},"end":{"line":357,"column":2}},"127":{"start":{"line":298,"column":16},"end":{"line":298,"column":20}},"128":{"start":{"line":300,"column":2},"end":{"line":300,"column":20}},"129":{"start":{"line":302,"column":16},"end":{"line":302,"column":58}},"130":{"start":{"line":304,"column":2},"end":{"line":356,"column":5}},"131":{"start":{"line":305,"column":4},"end":{"line":307,"column":5}},"132":{"start":{"line":306,"column":6},"end":{"line":306,"column":104}},"133":{"start":{"line":309,"column":4},"end":{"line":355,"column":7}},"134":{"start":{"line":310,"column":6},"end":{"line":310,"column":34}},"135":{"start":{"line":311,"column":34},"end":{"line":313,"column":8}},"136":{"start":{"line":312,"column":8},"end":{"line":312,"column":65}},"137":{"start":{"line":315,"column":6},"end":{"line":317,"column":7}},"138":{"start":{"line":316,"column":8},"end":{"line":316,"column":50}},"139":{"start":{"line":319,"column":6},"end":{"line":352,"column":9}},"140":{"start":{"line":320,"column":23},"end":{"line":320,"column":25}},"141":{"start":{"line":321,"column":8},"end":{"line":347,"column":11}},"142":{"start":{"line":324,"column":10},"end":{"line":328,"column":11}},"143":{"start":{"line":325,"column":12},"end":{"line":325,"column":104}},"144":{"start":{"line":327,"column":12},"end":{"line":327,"column":118}},"145":{"start":{"line":330,"column":10},"end":{"line":346,"column":11}},"146":{"start":{"line":331,"column":35},"end":{"line":338,"column":13}},"147":{"start":{"line":339,"column":12},"end":{"line":339,"column":85}},"148":{"start":{"line":340,"column":12},"end":{"line":345,"column":15}},"149":{"start":{"line":341,"column":14},"end":{"line":344,"column":36}},"150":{"start":{"line":348,"column":8},"end":{"line":348,"column":56}},"151":{"start":{"line":349,"column":8},"end":{"line":349,"column":38}},"152":{"start":{"line":351,"column":8},"end":{"line":351,"column":20}},"153":{"start":{"line":354,"column":6},"end":{"line":354,"column":18}},"154":{"start":{"line":365,"column":0},"end":{"line":392,"column":2}},"155":{"start":{"line":366,"column":16},"end":{"line":366,"column":20}},"156":{"start":{"line":368,"column":2},"end":{"line":368,"column":28}},"157":{"start":{"line":369,"column":2},"end":{"line":369,"column":34}},"158":{"start":{"line":371,"column":16},"end":{"line":371,"column":58}},"159":{"start":{"line":373,"column":2},"end":{"line":391,"column":5}},"160":{"start":{"line":374,"column":4},"end":{"line":376,"column":5}},"161":{"start":{"line":375,"column":6},"end":{"line":375,"column":104}},"162":{"start":{"line":378,"column":4},"end":{"line":390,"column":7}},"163":{"start":{"line":379,"column":23},"end":{"line":379,"column":50}},"164":{"start":{"line":380,"column":6},"end":{"line":380,"column":30}},"165":{"start":{"line":381,"column":6},"end":{"line":386,"column":9}},"166":{"start":{"line":382,"column":8},"end":{"line":382,"column":52}},"167":{"start":{"line":384,"column":8},"end":{"line":384,"column":27}},"168":{"start":{"line":385,"column":8},"end":{"line":385,"column":20}},"169":{"start":{"line":388,"column":6},"end":{"line":388,"column":25}},"170":{"start":{"line":389,"column":6},"end":{"line":389,"column":18}},"171":{"start":{"line":394,"column":0},"end":{"line":411,"column":2}},"172":{"start":{"line":395,"column":16},"end":{"line":395,"column":20}},"173":{"start":{"line":397,"column":2},"end":{"line":397,"column":28}},"174":{"start":{"line":398,"column":2},"end":{"line":398,"column":34}},"175":{"start":{"line":399,"column":2},"end":{"line":410,"column":5}},"176":{"start":{"line":400,"column":4},"end":{"line":409,"column":7}},"177":{"start":{"line":401,"column":6},"end":{"line":401,"column":43}},"178":{"start":{"line":402,"column":6},"end":{"line":406,"column":9}},"179":{"start":{"line":403,"column":8},"end":{"line":403,"column":47}},"180":{"start":{"line":405,"column":8},"end":{"line":405,"column":20}},"181":{"start":{"line":408,"column":6},"end":{"line":408,"column":18}},"182":{"start":{"line":413,"column":0},"end":{"line":440,"column":2}},"183":{"start":{"line":414,"column":16},"end":{"line":414,"column":20}},"184":{"start":{"line":416,"column":2},"end":{"line":439,"column":5}},"185":{"start":{"line":417,"column":4},"end":{"line":438,"column":7}},"186":{"start":{"line":422,"column":21},"end":{"line":424,"column":8}},"187":{"start":{"line":425,"column":6},"end":{"line":435,"column":9}},"188":{"start":{"line":426,"column":8},"end":{"line":426,"column":28}},"189":{"start":{"line":428,"column":8},"end":{"line":432,"column":11}},"190":{"start":{"line":429,"column":10},"end":{"line":429,"column":30}},"191":{"start":{"line":431,"column":10},"end":{"line":431,"column":29}},"192":{"start":{"line":434,"column":8},"end":{"line":434,"column":27}},"193":{"start":{"line":437,"column":6},"end":{"line":437,"column":18}},"194":{"start":{"line":442,"column":0},"end":{"line":444,"column":2}},"195":{"start":{"line":443,"column":2},"end":{"line":443,"column":46}},"196":{"start":{"line":446,"column":0},"end":{"line":446,"column":35}}},"fnMap":{"0":{"name":"_objectSpread","decl":{"start":{"line":3,"column":9},"end":{"line":3,"column":22}},"loc":{"start":{"line":3,"column":31},"end":{"line":3,"column":481}},"line":3},"1":{"name":"(anonymous_1)","decl":{"start":{"line":3,"column":295},"end":{"line":3,"column":296}},"loc":{"start":{"line":3,"column":310},"end":{"line":3,"column":377}},"line":3},"2":{"name":"(anonymous_2)","decl":{"start":{"line":3,"column":399},"end":{"line":3,"column":400}},"loc":{"start":{"line":3,"column":414},"end":{"line":3,"column":460}},"line":3},"3":{"name":"_defineProperty","decl":{"start":{"line":5,"column":9},"end":{"line":5,"column":24}},"loc":{"start":{"line":5,"column":42},"end":{"line":5,"column":209}},"line":5},"4":{"name":"(anonymous_4)","decl":{"start":{"line":77,"column":28},"end":{"line":77,"column":29}},"loc":{"start":{"line":77,"column":56},"end":{"line":100,"column":1}},"line":77},"5":{"name":"(anonymous_5)","decl":{"start":{"line":86,"column":21},"end":{"line":86,"column":22}},"loc":{"start":{"line":86,"column":48},"end":{"line":99,"column":3}},"line":86},"6":{"name":"(anonymous_6)","decl":{"start":{"line":92,"column":24},"end":{"line":92,"column":25}},"loc":{"start":{"line":92,"column":40},"end":{"line":96,"column":5}},"line":92},"7":{"name":"(anonymous_7)","decl":{"start":{"line":96,"column":16},"end":{"line":96,"column":17}},"loc":{"start":{"line":96,"column":31},"end":{"line":98,"column":5}},"line":96},"8":{"name":"(anonymous_8)","decl":{"start":{"line":102,"column":25},"end":{"line":102,"column":26}},"loc":{"start":{"line":102,"column":39},"end":{"line":126,"column":1}},"line":102},"9":{"name":"(anonymous_9)","decl":{"start":{"line":106,"column":21},"end":{"line":106,"column":22}},"loc":{"start":{"line":106,"column":48},"end":{"line":125,"column":3}},"line":106},"10":{"name":"(anonymous_10)","decl":{"start":{"line":116,"column":40},"end":{"line":116,"column":41}},"loc":{"start":{"line":116,"column":56},"end":{"line":122,"column":5}},"line":116},"11":{"name":"(anonymous_11)","decl":{"start":{"line":122,"column":16},"end":{"line":122,"column":17}},"loc":{"start":{"line":122,"column":31},"end":{"line":124,"column":5}},"line":122},"12":{"name":"(anonymous_12)","decl":{"start":{"line":128,"column":37},"end":{"line":128,"column":38}},"loc":{"start":{"line":128,"column":53},"end":{"line":148,"column":1}},"line":128},"13":{"name":"(anonymous_13)","decl":{"start":{"line":132,"column":21},"end":{"line":132,"column":22}},"loc":{"start":{"line":132,"column":48},"end":{"line":147,"column":3}},"line":132},"14":{"name":"(anonymous_14)","decl":{"start":{"line":142,"column":12},"end":{"line":142,"column":13}},"loc":{"start":{"line":142,"column":29},"end":{"line":144,"column":5}},"line":142},"15":{"name":"(anonymous_15)","decl":{"start":{"line":144,"column":16},"end":{"line":144,"column":17}},"loc":{"start":{"line":144,"column":31},"end":{"line":146,"column":5}},"line":144},"16":{"name":"(anonymous_16)","decl":{"start":{"line":150,"column":34},"end":{"line":150,"column":35}},"loc":{"start":{"line":150,"column":58},"end":{"line":172,"column":1}},"line":150},"17":{"name":"(anonymous_17)","decl":{"start":{"line":154,"column":21},"end":{"line":154,"column":22}},"loc":{"start":{"line":154,"column":48},"end":{"line":171,"column":3}},"line":154},"18":{"name":"(anonymous_18)","decl":{"start":{"line":166,"column":12},"end":{"line":166,"column":13}},"loc":{"start":{"line":166,"column":29},"end":{"line":168,"column":5}},"line":166},"19":{"name":"(anonymous_19)","decl":{"start":{"line":168,"column":16},"end":{"line":168,"column":17}},"loc":{"start":{"line":168,"column":31},"end":{"line":170,"column":5}},"line":168},"20":{"name":"(anonymous_20)","decl":{"start":{"line":174,"column":32},"end":{"line":174,"column":33}},"loc":{"start":{"line":174,"column":56},"end":{"line":198,"column":1}},"line":174},"21":{"name":"(anonymous_21)","decl":{"start":{"line":178,"column":21},"end":{"line":178,"column":22}},"loc":{"start":{"line":178,"column":48},"end":{"line":197,"column":3}},"line":178},"22":{"name":"(anonymous_22)","decl":{"start":{"line":183,"column":29},"end":{"line":183,"column":30}},"loc":{"start":{"line":183,"column":45},"end":{"line":196,"column":5}},"line":183},"23":{"name":"(anonymous_23)","decl":{"start":{"line":188,"column":32},"end":{"line":188,"column":33}},"loc":{"start":{"line":188,"column":48},"end":{"line":190,"column":9}},"line":188},"24":{"name":"(anonymous_24)","decl":{"start":{"line":190,"column":20},"end":{"line":190,"column":21}},"loc":{"start":{"line":190,"column":35},"end":{"line":192,"column":9}},"line":190},"25":{"name":"(anonymous_25)","decl":{"start":{"line":200,"column":30},"end":{"line":200,"column":31}},"loc":{"start":{"line":200,"column":59},"end":{"line":239,"column":1}},"line":200},"26":{"name":"(anonymous_26)","decl":{"start":{"line":204,"column":21},"end":{"line":204,"column":22}},"loc":{"start":{"line":204,"column":48},"end":{"line":238,"column":3}},"line":204},"27":{"name":"(anonymous_27)","decl":{"start":{"line":205,"column":29},"end":{"line":205,"column":30}},"loc":{"start":{"line":205,"column":45},"end":{"line":237,"column":5}},"line":205},"28":{"name":"(anonymous_28)","decl":{"start":{"line":208,"column":35},"end":{"line":208,"column":36}},"loc":{"start":{"line":208,"column":48},"end":{"line":210,"column":11}},"line":208},"29":{"name":"(anonymous_29)","decl":{"start":{"line":217,"column":40},"end":{"line":217,"column":41}},"loc":{"start":{"line":217,"column":53},"end":{"line":219,"column":9}},"line":217},"30":{"name":"(anonymous_30)","decl":{"start":{"line":221,"column":51},"end":{"line":221,"column":52}},"loc":{"start":{"line":221,"column":64},"end":{"line":223,"column":11}},"line":221},"31":{"name":"(anonymous_31)","decl":{"start":{"line":229,"column":25},"end":{"line":229,"column":26}},"loc":{"start":{"line":229,"column":41},"end":{"line":231,"column":9}},"line":229},"32":{"name":"(anonymous_32)","decl":{"start":{"line":231,"column":20},"end":{"line":231,"column":21}},"loc":{"start":{"line":231,"column":35},"end":{"line":233,"column":9}},"line":231},"33":{"name":"(anonymous_33)","decl":{"start":{"line":241,"column":31},"end":{"line":241,"column":32}},"loc":{"start":{"line":241,"column":45},"end":{"line":254,"column":1}},"line":241},"34":{"name":"(anonymous_34)","decl":{"start":{"line":245,"column":21},"end":{"line":245,"column":22}},"loc":{"start":{"line":245,"column":48},"end":{"line":253,"column":3}},"line":245},"35":{"name":"(anonymous_35)","decl":{"start":{"line":248,"column":12},"end":{"line":248,"column":13}},"loc":{"start":{"line":248,"column":24},"end":{"line":250,"column":5}},"line":248},"36":{"name":"(anonymous_36)","decl":{"start":{"line":250,"column":16},"end":{"line":250,"column":17}},"loc":{"start":{"line":250,"column":31},"end":{"line":252,"column":5}},"line":250},"37":{"name":"(anonymous_37)","decl":{"start":{"line":256,"column":32},"end":{"line":256,"column":33}},"loc":{"start":{"line":256,"column":54},"end":{"line":282,"column":1}},"line":256},"38":{"name":"(anonymous_38)","decl":{"start":{"line":260,"column":21},"end":{"line":260,"column":22}},"loc":{"start":{"line":260,"column":48},"end":{"line":281,"column":3}},"line":260},"39":{"name":"(anonymous_39)","decl":{"start":{"line":276,"column":12},"end":{"line":276,"column":13}},"loc":{"start":{"line":276,"column":29},"end":{"line":278,"column":5}},"line":276},"40":{"name":"(anonymous_40)","decl":{"start":{"line":278,"column":16},"end":{"line":278,"column":17}},"loc":{"start":{"line":278,"column":31},"end":{"line":280,"column":5}},"line":278},"41":{"name":"(anonymous_41)","decl":{"start":{"line":284,"column":33},"end":{"line":284,"column":34}},"loc":{"start":{"line":284,"column":47},"end":{"line":295,"column":1}},"line":284},"42":{"name":"(anonymous_42)","decl":{"start":{"line":288,"column":21},"end":{"line":288,"column":22}},"loc":{"start":{"line":288,"column":48},"end":{"line":294,"column":3}},"line":288},"43":{"name":"(anonymous_43)","decl":{"start":{"line":289,"column":24},"end":{"line":289,"column":25}},"loc":{"start":{"line":289,"column":40},"end":{"line":291,"column":5}},"line":289},"44":{"name":"(anonymous_44)","decl":{"start":{"line":291,"column":16},"end":{"line":291,"column":17}},"loc":{"start":{"line":291,"column":31},"end":{"line":293,"column":5}},"line":291},"45":{"name":"(anonymous_45)","decl":{"start":{"line":297,"column":32},"end":{"line":297,"column":33}},"loc":{"start":{"line":297,"column":67},"end":{"line":357,"column":1}},"line":297},"46":{"name":"(anonymous_46)","decl":{"start":{"line":304,"column":21},"end":{"line":304,"column":22}},"loc":{"start":{"line":304,"column":48},"end":{"line":356,"column":3}},"line":304},"47":{"name":"(anonymous_47)","decl":{"start":{"line":309,"column":25},"end":{"line":309,"column":26}},"loc":{"start":{"line":309,"column":41},"end":{"line":353,"column":5}},"line":309},"48":{"name":"(anonymous_48)","decl":{"start":{"line":311,"column":60},"end":{"line":311,"column":61}},"loc":{"start":{"line":311,"column":76},"end":{"line":313,"column":7}},"line":311},"49":{"name":"(anonymous_49)","decl":{"start":{"line":319,"column":23},"end":{"line":319,"column":24}},"loc":{"start":{"line":319,"column":46},"end":{"line":350,"column":7}},"line":319},"50":{"name":"(anonymous_50)","decl":{"start":{"line":321,"column":37},"end":{"line":321,"column":38}},"loc":{"start":{"line":321,"column":53},"end":{"line":347,"column":9}},"line":321},"51":{"name":"(anonymous_51)","decl":{"start":{"line":340,"column":44},"end":{"line":340,"column":45}},"loc":{"start":{"line":340,"column":65},"end":{"line":345,"column":13}},"line":340},"52":{"name":"(anonymous_52)","decl":{"start":{"line":350,"column":18},"end":{"line":350,"column":19}},"loc":{"start":{"line":350,"column":33},"end":{"line":352,"column":7}},"line":350},"53":{"name":"(anonymous_53)","decl":{"start":{"line":353,"column":16},"end":{"line":353,"column":17}},"loc":{"start":{"line":353,"column":31},"end":{"line":355,"column":5}},"line":353},"54":{"name":"(anonymous_54)","decl":{"start":{"line":365,"column":35},"end":{"line":365,"column":36}},"loc":{"start":{"line":365,"column":77},"end":{"line":392,"column":1}},"line":365},"55":{"name":"(anonymous_55)","decl":{"start":{"line":373,"column":21},"end":{"line":373,"column":22}},"loc":{"start":{"line":373,"column":48},"end":{"line":391,"column":3}},"line":373},"56":{"name":"(anonymous_56)","decl":{"start":{"line":378,"column":29},"end":{"line":378,"column":30}},"loc":{"start":{"line":378,"column":45},"end":{"line":387,"column":5}},"line":378},"57":{"name":"(anonymous_57)","decl":{"start":{"line":381,"column":23},"end":{"line":381,"column":24}},"loc":{"start":{"line":381,"column":46},"end":{"line":383,"column":7}},"line":381},"58":{"name":"(anonymous_58)","decl":{"start":{"line":383,"column":18},"end":{"line":383,"column":19}},"loc":{"start":{"line":383,"column":33},"end":{"line":386,"column":7}},"line":383},"59":{"name":"(anonymous_59)","decl":{"start":{"line":387,"column":16},"end":{"line":387,"column":17}},"loc":{"start":{"line":387,"column":31},"end":{"line":390,"column":5}},"line":387},"60":{"name":"(anonymous_60)","decl":{"start":{"line":394,"column":35},"end":{"line":394,"column":36}},"loc":{"start":{"line":394,"column":64},"end":{"line":411,"column":1}},"line":394},"61":{"name":"(anonymous_61)","decl":{"start":{"line":399,"column":21},"end":{"line":399,"column":22}},"loc":{"start":{"line":399,"column":48},"end":{"line":410,"column":3}},"line":399},"62":{"name":"(anonymous_62)","decl":{"start":{"line":400,"column":29},"end":{"line":400,"column":30}},"loc":{"start":{"line":400,"column":45},"end":{"line":407,"column":5}},"line":400},"63":{"name":"(anonymous_63)","decl":{"start":{"line":402,"column":23},"end":{"line":402,"column":24}},"loc":{"start":{"line":402,"column":35},"end":{"line":404,"column":7}},"line":402},"64":{"name":"(anonymous_64)","decl":{"start":{"line":404,"column":18},"end":{"line":404,"column":19}},"loc":{"start":{"line":404,"column":33},"end":{"line":406,"column":7}},"line":404},"65":{"name":"(anonymous_65)","decl":{"start":{"line":407,"column":16},"end":{"line":407,"column":17}},"loc":{"start":{"line":407,"column":31},"end":{"line":409,"column":5}},"line":407},"66":{"name":"(anonymous_66)","decl":{"start":{"line":413,"column":30},"end":{"line":413,"column":31}},"loc":{"start":{"line":413,"column":51},"end":{"line":440,"column":1}},"line":413},"67":{"name":"(anonymous_67)","decl":{"start":{"line":416,"column":21},"end":{"line":416,"column":22}},"loc":{"start":{"line":416,"column":48},"end":{"line":439,"column":3}},"line":416},"68":{"name":"(anonymous_68)","decl":{"start":{"line":421,"column":30},"end":{"line":421,"column":31}},"loc":{"start":{"line":421,"column":54},"end":{"line":436,"column":5}},"line":421},"69":{"name":"(anonymous_69)","decl":{"start":{"line":425,"column":27},"end":{"line":425,"column":28}},"loc":{"start":{"line":425,"column":42},"end":{"line":433,"column":7}},"line":425},"70":{"name":"(anonymous_70)","decl":{"start":{"line":428,"column":28},"end":{"line":428,"column":29}},"loc":{"start":{"line":428,"column":44},"end":{"line":430,"column":9}},"line":428},"71":{"name":"(anonymous_71)","decl":{"start":{"line":430,"column":20},"end":{"line":430,"column":21}},"loc":{"start":{"line":430,"column":35},"end":{"line":432,"column":9}},"line":430},"72":{"name":"(anonymous_72)","decl":{"start":{"line":433,"column":18},"end":{"line":433,"column":19}},"loc":{"start":{"line":433,"column":33},"end":{"line":435,"column":7}},"line":433},"73":{"name":"(anonymous_73)","decl":{"start":{"line":436,"column":16},"end":{"line":436,"column":17}},"loc":{"start":{"line":436,"column":31},"end":{"line":438,"column":5}},"line":436},"74":{"name":"(anonymous_74)","decl":{"start":{"line":442,"column":30},"end":{"line":442,"column":31}},"loc":{"start":{"line":442,"column":42},"end":{"line":444,"column":1}},"line":442}},"branchMap":{"0":{"loc":{"start":{"line":3,"column":91},"end":{"line":3,"column":131}},"type":"cond-expr","locations":[{"start":{"line":3,"column":114},"end":{"line":3,"column":126}},{"start":{"line":3,"column":129},"end":{"line":3,"column":131}}],"line":3},"1":{"loc":{"start":{"line":3,"column":168},"end":{"line":3,"column":382}},"type":"if","locations":[{"start":{"line":3,"column":168},"end":{"line":3,"column":382}},{"start":{"line":3,"column":168},"end":{"line":3,"column":382}}],"line":3},"2":{"loc":{"start":{"line":5,"column":44},"end":{"line":5,"column":195}},"type":"if","locations":[{"start":{"line":5,"column":44},"end":{"line":5,"column":195}},{"start":{"line":5,"column":44},"end":{"line":5,"column":195}}],"line":5},"3":{"loc":{"start":{"line":87,"column":4},"end":{"line":89,"column":5}},"type":"if","locations":[{"start":{"line":87,"column":4},"end":{"line":89,"column":5}},{"start":{"line":87,"column":4},"end":{"line":89,"column":5}}],"line":87},"4":{"loc":{"start":{"line":117,"column":6},"end":{"line":121,"column":7}},"type":"if","locations":[{"start":{"line":117,"column":6},"end":{"line":121,"column":7}},{"start":{"line":117,"column":6},"end":{"line":121,"column":7}}],"line":117},"5":{"loc":{"start":{"line":131,"column":2},"end":{"line":131,"column":22}},"type":"if","locations":[{"start":{"line":131,"column":2},"end":{"line":131,"column":22}},{"start":{"line":131,"column":2},"end":{"line":131,"column":22}}],"line":131},"6":{"loc":{"start":{"line":153,"column":2},"end":{"line":153,"column":22}},"type":"if","locations":[{"start":{"line":153,"column":2},"end":{"line":153,"column":22}},{"start":{"line":153,"column":2},"end":{"line":153,"column":22}}],"line":153},"7":{"loc":{"start":{"line":179,"column":4},"end":{"line":181,"column":5}},"type":"if","locations":[{"start":{"line":179,"column":4},"end":{"line":181,"column":5}},{"start":{"line":179,"column":4},"end":{"line":181,"column":5}}],"line":179},"8":{"loc":{"start":{"line":179,"column":8},"end":{"line":179,"column":79}},"type":"binary-expr","locations":[{"start":{"line":179,"column":8},"end":{"line":179,"column":24}},{"start":{"line":179,"column":28},"end":{"line":179,"column":79}}],"line":179},"9":{"loc":{"start":{"line":184,"column":6},"end":{"line":195,"column":7}},"type":"if","locations":[{"start":{"line":184,"column":6},"end":{"line":195,"column":7}},{"start":{"line":184,"column":6},"end":{"line":195,"column":7}}],"line":184},"10":{"loc":{"start":{"line":187,"column":8},"end":{"line":187,"column":72}},"type":"if","locations":[{"start":{"line":187,"column":8},"end":{"line":187,"column":72}},{"start":{"line":187,"column":8},"end":{"line":187,"column":72}}],"line":187},"11":{"loc":{"start":{"line":206,"column":6},"end":{"line":236,"column":7}},"type":"if","locations":[{"start":{"line":206,"column":6},"end":{"line":236,"column":7}},{"start":{"line":206,"column":6},"end":{"line":236,"column":7}}],"line":206},"12":{"loc":{"start":{"line":206,"column":10},"end":{"line":206,"column":33}},"type":"binary-expr","locations":[{"start":{"line":206,"column":10},"end":{"line":206,"column":14}},{"start":{"line":206,"column":18},"end":{"line":206,"column":33}}],"line":206},"13":{"loc":{"start":{"line":207,"column":8},"end":{"line":227,"column":9}},"type":"if","locations":[{"start":{"line":207,"column":8},"end":{"line":227,"column":9}},{"start":{"line":207,"column":8},"end":{"line":227,"column":9}}],"line":207},"14":{"loc":{"start":{"line":208,"column":10},"end":{"line":216,"column":11}},"type":"if","locations":[{"start":{"line":208,"column":10},"end":{"line":216,"column":11}},{"start":{"line":208,"column":10},"end":{"line":216,"column":11}}],"line":208},"15":{"loc":{"start":{"line":217,"column":15},"end":{"line":227,"column":9}},"type":"if","locations":[{"start":{"line":217,"column":15},"end":{"line":227,"column":9}},{"start":{"line":217,"column":15},"end":{"line":227,"column":9}}],"line":217},"16":{"loc":{"start":{"line":259,"column":2},"end":{"line":259,"column":22}},"type":"if","locations":[{"start":{"line":259,"column":2},"end":{"line":259,"column":22}},{"start":{"line":259,"column":2},"end":{"line":259,"column":22}}],"line":259},"17":{"loc":{"start":{"line":305,"column":4},"end":{"line":307,"column":5}},"type":"if","locations":[{"start":{"line":305,"column":4},"end":{"line":307,"column":5}},{"start":{"line":305,"column":4},"end":{"line":307,"column":5}}],"line":305},"18":{"loc":{"start":{"line":315,"column":6},"end":{"line":317,"column":7}},"type":"if","locations":[{"start":{"line":315,"column":6},"end":{"line":317,"column":7}},{"start":{"line":315,"column":6},"end":{"line":317,"column":7}}],"line":315},"19":{"loc":{"start":{"line":324,"column":10},"end":{"line":328,"column":11}},"type":"if","locations":[{"start":{"line":324,"column":10},"end":{"line":328,"column":11}},{"start":{"line":324,"column":10},"end":{"line":328,"column":11}}],"line":324},"20":{"loc":{"start":{"line":330,"column":10},"end":{"line":346,"column":11}},"type":"if","locations":[{"start":{"line":330,"column":10},"end":{"line":346,"column":11}},{"start":{"line":330,"column":10},"end":{"line":346,"column":11}}],"line":330},"21":{"loc":{"start":{"line":374,"column":4},"end":{"line":376,"column":5}},"type":"if","locations":[{"start":{"line":374,"column":4},"end":{"line":376,"column":5}},{"start":{"line":374,"column":4},"end":{"line":376,"column":5}}],"line":374},"22":{"loc":{"start":{"line":374,"column":8},"end":{"line":374,"column":80}},"type":"binary-expr","locations":[{"start":{"line":374,"column":8},"end":{"line":374,"column":23}},{"start":{"line":374,"column":27},"end":{"line":374,"column":80}}],"line":374}},"s":{"0":0,"1":0,"2":0,"3":0,"4":0,"5":0,"6":0,"7":0,"8":0,"9":0,"10":0,"11":0,"12":0,"13":0,"14":1,"15":1,"16":1,"17":1,"18":1,"19":1,"20":1,"21":1,"22":1,"23":1,"24":1,"25":1,"26":1,"27":1,"28":0,"29":0,"30":0,"31":0,"32":0,"33":0,"34":0,"35":0,"36":0,"37":0,"38":0,"39":0,"40":0,"41":1,"42":0,"43":0,"44":0,"45":0,"46":0,"47":0,"48":0,"49":0,"50":1,"51":0,"52":0,"53":0,"54":0,"55":0,"56":0,"57":0,"58":1,"59":0,"60":0,"61":0,"62":0,"63":0,"64":0,"65":0,"66":1,"67":0,"68":0,"69":0,"70":0,"71":0,"72":0,"73":0,"74":0,"75":0,"76":0,"77":0,"78":0,"79":0,"80":0,"81":1,"82":0,"83":0,"84":0,"85":0,"86":0,"87":0,"88":0,"89":0,"90":0,"91":0,"92":0,"93":0,"94":0,"95":0,"96":0,"97":0,"98":0,"99":0,"100":0,"101":0,"102":0,"103":1,"104":0,"105":0,"106":0,"107":0,"108":0,"109":0,"110":1,"111":0,"112":0,"113":0,"114":0,"115":0,"116":0,"117":0,"118":0,"119":1,"120":0,"121":0,"122":0,"123":0,"124":0,"125":0,"126":1,"127":0,"128":0,"129":0,"130":0,"131":0,"132":0,"133":0,"134":0,"135":0,"136":0,"137":0,"138":0,"139":0,"140":0,"141":0,"142":0,"143":0,"144":0,"145":0,"146":0,"147":0,"148":0,"149":0,"150":0,"151":0,"152":0,"153":0,"154":1,"155":0,"156":0,"157":0,"158":0,"159":0,"160":0,"161":0,"162":0,"163":0,"164":0,"165":0,"166":0,"167":0,"168":0,"169":0,"170":0,"171":1,"172":0,"173":0,"174":0,"175":0,"176":0,"177":0,"178":0,"179":0,"180":0,"181":0,"182":1,"183":0,"184":0,"185":0,"186":0,"187":0,"188":0,"189":0,"190":0,"191":0,"192":0,"193":0,"194":1,"195":0,"196":1},"f":{"0":0,"1":0,"2":0,"3":0,"4":0,"5":0,"6":0,"7":0,"8":0,"9":0,"10":0,"11":0,"12":0,"13":0,"14":0,"15":0,"16":0,"17":0,"18":0,"19":0,"20":0,"21":0,"22":0,"23":0,"24":0,"25":0,"26":0,"27":0,"28":0,"29":0,"30":0,"31":0,"32":0,"33":0,"34":0,"35":0,"36":0,"37":0,"38":0,"39":0,"40":0,"41":0,"42":0,"43":0,"44":0,"45":0,"46":0,"47":0,"48":0,"49":0,"50":0,"51":0,"52":0,"53":0,"54":0,"55":0,"56":0,"57":0,"58":0,"59":0,"60":0,"61":0,"62":0,"63":0,"64":0,"65":0,"66":0,"67":0,"68":0,"69":0,"70":0,"71":0,"72":0,"73":0,"74":0},"b":{"0":[0,0],"1":[0,0],"2":[0,0],"3":[0,0],"4":[0,0],"5":[0,0],"6":[0,0],"7":[0,0],"8":[0,0],"9":[0,0],"10":[0,0],"11":[0,0],"12":[0,0],"13":[0,0],"14":[0,0],"15":[0,0],"16":[0,0],"17":[0,0],"18":[0,0],"19":[0,0],"20":[0,0],"21":[0,0],"22":[0,0]},"_coverageSchema":"43e27e138ebf9cfc5966b082cf9a028302ed4184","hash":"375e2ffcdfde202d11967f42d3c56a203b2775e9","contentHash":"2163ea81628c6826baa28f404a675565b17a492512947283f11968517a2c009c"},"/home/ryan/src/picklechips/skybunk-server/models/PostPicture.js":{"path":"/home/ryan/src/picklechips/skybunk-server/models/PostPicture.js","statementMap":{"0":{"start":{"line":3,"column":15},"end":{"line":3,"column":34}},"1":{"start":{"line":5,"column":13},"end":{"line":5,"column":28}},"2":{"start":{"line":6,"column":24},"end":{"line":11,"column":2}},"3":{"start":{"line":12,"column":0},"end":{"line":12,"column":49}}},"fnMap":{},"branchMap":{},"s":{"0":1,"1":1,"2":1,"3":1},"f":{},"b":{},"_coverageSchema":"43e27e138ebf9cfc5966b082cf9a028302ed4184","hash":"6825beb893c93c69445672346b4676280bcda636","contentHash":"76ed4f9a207be40ddb3bed4c86f9e9b86644b4f8a9fd5944e99c844ce03a5016"},"/home/ryan/src/picklechips/skybunk-server/helpers/notificationManager.js":{"path":"/home/ryan/src/picklechips/skybunk-server/helpers/notificationManager.js","statementMap":{"0":{"start":{"line":3,"column":35},"end":{"line":3,"column":115}},"1":{"start":{"line":5,"column":32},"end":{"line":5,"column":103}},"2":{"start":{"line":7,"column":34},"end":{"line":7,"column":160}},"3":{"start":{"line":7,"column":136},"end":{"line":7,"column":160}},"4":{"start":{"line":9,"column":35},"end":{"line":9,"column":164}},"5":{"start":
[...]
:32}},"65":{"start":{"line":80,"column":14},"end":{"line":80,"column":20}},"66":{"start":{"line":83,"column":14},"end":{"line":83,"column":33}},"67":{"start":{"line":84,"column":14},"end":{"line":84,"column":20}},"68":{"start":{"line":87,"column":14},"end":{"line":87,"column":33}},"69":{"start":{"line":88,"column":14},"end":{"line":88,"column":49}},"70":{"start":{"line":89,"column":14},"end":{"line":89,"column":39}},"71":{"start":{"line":90,"column":14},"end":{"line":90,"column":43}},"72":{"start":{"line":93,"column":14},"end":{"line":93,"column":33}},"73":{"start":{"line":94,"column":14},"end":{"line":94,"column":33}},"74":{"start":{"line":96,"column":14},"end":{"line":98,"column":15}},"75":{"start":{"line":97,"column":16},"end":{"line":97,"column":38}},"76":{"start":{"line":101,"column":14},"end":{"line":101,"column":33}},"77":{"start":{"line":103,"column":14},"end":{"line":106,"column":15}},"78":{"start":{"line":104,"column":16},"end":{"line":104,"column":35}},"79":{"start":{"line":105,"column":16},"end":{"line":105,"column":22}},"80":{"start":{"line":108,"column":14},"end":{"line":108,"column":35}},"81":{"start":{"line":111,"column":14},"end":{"line":111,"column":41}},"82":{"start":{"line":114,"column":14},"end":{"line":114,"column":41}},"83":{"start":{"line":118,"column":14},"end":{"line":118,"column":37}},"84":{"start":{"line":125,"column":6},"end":{"line":125,"column":55}},"85":{"start":{"line":128,"column":4},"end":{"line":128,"column":29}},"86":{"start":{"line":131,"column":40},"end":{"line":162,"column":7}},"87":{"start":{"line":135,"column":6},"end":{"line":161,"column":19}},"88":{"start":{"line":136,"column":8},"end":{"line":160,"column":9}},"89":{"start":{"line":137,"column":10},"end":{"line":159,"column":11}},"90":{"start":{"line":139,"column":14},"end":{"line":139,"column":64}},"91":{"start":{"line":140,"column":14},"end":{"line":154,"column":17}},"92":{"start":{"line":141,"column":16},"end":{"line":141,"column":50}},"93":{"start":{"line":142,"column":30},"end":{"line":142,"column":59}},"94":{"start":{"line":143,"column":16},"end":{"line":151,"column":19}},"95":{"start":{"line":144,"column":18},"end":{"line":148,"column":21}},"96":{"start":{"line":150,"column":18},"end":{"line":150,"column":44}},"97":{"start":{"line":153,"column":16},"end":{"line":153,"column":42}},"98":{"start":{"line":158,"column":14},"end":{"line":158,"column":38}},"99":{"start":{"line":165,"column":6},"end":{"line":165,"column":66}},"100":{"start":{"line":168,"column":4},"end":{"line":168,"column":40}}},"fnMap":{"0":{"name":"_toConsumableArray","decl":{"start":{"line":3,"column":9},"end":{"line":3,"column":27}},"loc":{"start":{"line":3,"column":33},"end":{"line":3,"column":117}},"line":3},"1":{"name":"_nonIterableSpread","decl":{"start":{"line":5,"column":9},"end":{"line":5,"column":27}},"loc":{"start":{"line":5,"column":30},"end":{"line":5,"column":105}},"line":5},"2":{"name":"_iterableToArray","decl":{"start":{"line":7,"column":9},"end":{"line":7,"column":25}},"loc":{"start":{"line":7,"column":32},"end":{"line":7,"column":162}},"line":7},"3":{"name":"_arrayWithoutHoles","decl":{"start":{"line":9,"column":9},"end":{"line":9,"column":27}},"loc":{"start":{"line":9,"column":33},"end":{"line":9,"column":166}},"line":9},"4":{"name":"asyncGeneratorStep","decl":{"start":{"line":11,"column":9},"end":{"line":11,"column":27}},"loc":{"start":{"line":11,"column":75},"end":{"line":11,"column":265}},"line":11},"5":{"name":"_asyncToGenerator","decl":{"start":{"line":13,"column":9},"end":{"line":13,"column":26}},"loc":{"start":{"line":13,"column":31},"end":{"line":13,"column":389}},"line":13},"6":{"name":"(anonymous_6)","decl":{"start":{"line":13,"column":40},"end":{"line":13,"column":41}},"loc":{"start":{"line":13,"column":52},"end":{"line":13,"column":386}},"line":13},"7":{"name":"(anonymous_7)","decl":{"start":{"line":13,"column":108},"end":{"line":13,"column":109}},"loc":{"start":{"line":13,"column":135},"end":{"line":13,"column":382}},"line":13},"8":{"name":"_next","decl":{"start":{"line":13,"column":178},"end":{"line":13,"column":183}},"loc":{"start":{"line":13,"column":191},"end":{"line":13,"column":266}},"line":13},"9":{"name":"_throw","decl":{"start":{"line":13,"column":276},"end":{"line":13,"column":282}},"loc":{"start":{"line":13,"column":288},"end":{"line":13,"column":362}},"line":13},"10":{"name":"dispatchNotifications","decl":{"start":{"line":27,"column":34},"end":{"line":27,"column":55}},"loc":{"start":{"line":27,"column":70},"end":{"line":36,"column":3}},"line":27},"11":{"name":"(anonymous_11)","decl":{"start":{"line":29,"column":39},"end":{"line":29,"column":40}},"loc":{"start":{"line":29,"column":59},"end":{"line":33,"column":5}},"line":29},"12":{"name":"(anonymous_12)","decl":{"start":{"line":30,"column":23},"end":{"line":30,"column":24}},"loc":{"start":{"line":30,"column":42},"end":{"line":32,"column":7}},"line":30},"13":{"name":"(anonymous_13)","decl":{"start":{"line":33,"column":16},"end":{"line":33,"column":17}},"loc":{"start":{"line":33,"column":31},"end":{"line":35,"column":5}},"line":33},"14":{"name":"(anonymous_14)","decl":{"start":{"line":37,"column":21},"end":{"line":37,"column":22}},"loc":{"start":{"line":37,"column":33},"end":{"line":129,"column":3}},"line":37},"15":{"name":"_callee","decl":{"start":{"line":40,"column":37},"end":{"line":40,"column":44}},"loc":{"start":{"line":40,"column":55},"end":{"line":122,"column":5}},"line":40},"16":{"name":"_callee$","decl":{"start":{"line":43,"column":46},"end":{"line":43,"column":54}},"loc":{"start":{"line":43,"column":65},"end":{"line":121,"column":7}},"line":43},"17":{"name":"sendNotifications","decl":{"start":{"line":124,"column":13},"end":{"line":124,"column":30}},"loc":{"start":{"line":124,"column":35},"end":{"line":126,"column":5}},"line":124},"18":{"name":"(anonymous_18)","decl":{"start":{"line":130,"column":32},"end":{"line":130,"column":33}},"loc":{"start":{"line":130,"column":44},"end":{"line":169,"column":3}},"line":130},"19":{"name":"_callee2","decl":{"start":{"line":133,"column":37},"end":{"line":133,"column":45}},"loc":{"start":{"line":133,"column":70},"end":{"line":162,"column":5}},"line":133},"20":{"name":"_callee2$","decl":{"start":{"line":135,"column":46},"end":{"line":135,"column":55}},"loc":{"start":{"line":135,"column":67},"end":{"line":161,"column":7}},"line":135},"21":{"name":"(anonymous_21)","decl":{"start":{"line":140,"column":39},"end":{"line":140,"column":40}},"loc":{"start":{"line":140,"column":56},"end":{"line":152,"column":15}},"line":140},"22":{"name":"(anonymous_22)","decl":{"start":{"line":143,"column":33},"end":{"line":143,"column":34}},"loc":{"start":{"line":143,"column":45},"end":{"line":149,"column":17}},"line":143},"23":{"name":"(anonymous_23)","decl":{"start":{"line":149,"column":28},"end":{"line":149,"column":29}},"loc":{"start":{"line":149,"column":43},"end":{"line":151,"column":17}},"line":149},"24":{"name":"(anonymous_24)","decl":{"start":{"line":152,"column":26},"end":{"line":152,"column":27}},"loc":{"start":{"line":152,"column":41},"end":{"line":154,"column":15}},"line":152},"25":{"name":"saveNotificationForUserAsync","decl":{"start":{"line":164,"column":13},"end":{"line":164,"column":41}},"loc":{"start":{"line":164,"column":52},"end":{"line":166,"column":5}},"line":164}},"branchMap":{"0":{"loc":{"start":{"line":3,"column":42},"end":{"line":3,"column":114}},"type":"binary-expr","locations":[{"start":{"line":3,"column":42},"end":{"line":3,"column":65}},{"start":{"line":3,"column":69},"end":{"line":3,"column":90}},{"start":{"line":3,"column":94},"end":{"line":3,"column":114}}],"line":3},"1":{"loc":{"start":{"line":7,"column":34},"end":{"line":7,"column":160}},"type":"if","locations":[{"start":{"line":7,"column":34},"end":{"line":7,"column":160}},{"start":{"line":7,"column":34},"end":{"line":7,"column":160}}],"line":7},"2":{"loc":{"start":{"line":7,"column":38},"end":{"line":7,"column":134}},"type":"binary-expr","locations":[{"start":{"line":7,"column":38},"end":{"line":7,"column":69}},{"start":{"line":7,"column":73},"end":{"line":7,"column":134}}],"line":7},"3":{"loc":{"start":{"line":9,"column":35},"end":{"line":9,"column":164}},"type":"if","locations":[{"start":{"line":9,"column":35},"end":{"line":9,"column":164}},{"start":{"line":9,"column":35},"end":{"line":9,"column":164}}],"line":9},"4":{"loc":{"start":{"line":11,"column":176},"end":{"line":11,"column":263}},"type":"if","locations":[{"start":{"line":11,"column":176},"end":{"line":11,"column":263}},{"start":{"line":11,"column":176},"end":{"line":11,"column":263}}],"line":11},"5":{"loc":{"start":{"line":45,"column":10},"end":{"line":119,"column":11}},"type":"switch","locations":[{"start":{"line":46,"column":12},"end":{"line":53,"column":52}},{"start":{"line":55,"column":12},"end":{"line":64,"column":60}},{"start":{"line":66,"column":12},"end":{"line":70,"column":20}},{"start":{"line":72,"column":12},"end":{"line":75,"column":41}},{"start":{"line":77,"column":12},"end":{"line":80,"column":20}},{"start":{"line":82,"column":12},"end":{"line":84,"column":20}},{"start":{"line":86,"column":12},"end":{"line":90,"column":43}},{"start":{"line":92,"column":12},"end":{"line":98,"column":15}},{"start":{"line":100,"column":12},"end":{"line":108,"column":35}},{"start":{"line":110,"column":12},"end":{"line":111,"column":41}},{"start":{"line":113,"column":12},"end":{"line":114,"column":41}},{"start":{"line":116,"column":12},"end":{"line":116,"column":20}},{"start":{"line":117,"column":12},"end":{"line":118,"column":37}}],"line":45},"6":{"loc":{"start":{"line":56,"column":14},"end":{"line":59,"column":15}},"type":"if","locations":[{"start":{"line":56,"column":14},"end":{"line":59,"column":15}},{"start":{"line":56,"column":14},"end":{"line":59,"column":15}}],"line":56},"7":{"loc":{"start":{"line":96,"column":14},"end":{"line":98,"column":15}},"type":"if","locations":[{"start":{"line":96,"column":14},"end":{"line":98,"column":15}},{"start":{"line":96,"column":14},"end":{"line":98,"column":15}}],"line":96},"8":{"loc":{"start":{"line":96,"column":18},"end":{"line":96,"column":75}},"type":"binary-expr","locations":[{"start":{"line":96,"column":18},"end":{"line":96,"column":44}},{"start":{"line":96,"column":48},"end":{"line":96,"column":75}}],"line":96},"9":{"loc":{"start":{"line":103,"column":14},"end":{"line":106,"column":15}},"type":"if","locations":[{"start":{"line":103,"column":14},"end":{"line":106,"column":15}},{"start":{"line":103,"column":14},"end":{"line":106,"column":15}}],"line":103},"10":{"loc":{"start":{"line":137,"column":10},"end":{"line":159,"column":11}},"type":"switch","locations":[{"start":{"line":138,"column":12},"end":{"line":154,"column":17}},{"start":{"line":156,"column":12},"end":{"line":156,"column":19}},{"start":{"line":157,"column":12},"end":{"line":158,"column":38}}],"line":137}},"s":{"0":0,"1":0,"2":0,"3":0,"4":0,"5":0,"6":0,"7":0,"8":0,"9":0,"10":0,"11":0,"12":0,"13":0,"14":0,"15":0,"16":0,"17":0,"18":2,"19":0,"20":0,"21":0,"22":0,"23":0,"24":0,"25":0,"26":1,"27":1,"28":1,"29":1,"30":1,"31":1,"32":1,"33":0,"34":0,"35":0,"36":0,"37":0,"38":1,"39":0,"40":0,"41":0,"42":0,"43":0,"44":0,"45":0,"46":0,"47":0,"48":0,"49":0,"50":0,"51":0,"52":0,"53":0,"54":0,"55":0,"56":0,"57":0,"58":0,"59":0,"60":0,"61":0,"62":0,"63":0,"64":0,"65":0,"66":0,"67":0,"68":0,"69":0,"70":0,"71":0,"72":0,"73":0,"74":0,"75":0,"76":0,"77":0,"78":0,"79":0,"80":0,"81":0,"82":0,"83":0,"84":0,"85":1,"86":1,"87":0,"88":0,"89":0,"90":0,"91":0,"92":0,"93":0,"94":0,"95":0,"96":0,"97":0,"98":0,"99":0,"100":1},"f":{"0":0,"1":0,"2":0,"3":0,"4":0,"5":2,"6":0,"7":0,"8":0,"9":0,"10":0,"11":0,"12":0,"13":0,"14":1,"15":0,"16":0,"17":0,"18":1,"19":0,"20":0,"21":0,"22":0,"23":0,"24":0,"25":0},"b":{"0":[0,0,0],"1":[0,0],"2":[0,0],"3":[0,0],"4":[0,0],"5":[0,0,0,0,0,0,0,0,0,0,0,0,0],"6":[0,0],"7":[0,0],"8":[0,0],"9":[0,0],"10":[0,0,0]},"_coverageSchema":"43e27e138ebf9cfc5966b082cf9a028302ed4184","hash":"09550a97b1335d4f612772b967be331fe0726165","contentHash":"6959541d1a6f4effcc9340302d301c81319a78e7eacec0937addd31cad1bb0d3"},"/home/ryan/src/picklechips/skybunk-server/models/Notification.js":{"path":"/home/ryan/src/picklechips/skybunk-server/models/Notification.js","statementMap":{"0":{"start":{"line":3,"column":15},"end":{"line":3,"column":34}},"1":{"start":{"line":5,"column":13},"end":{"line":5,"column":28}},"2":{"start":{"line":6,"column":25},"end":{"line":36,"column":2}},"3":{"start":{"line":38,"column":0},"end":{"line":50,"column":2}},"4":{"start":{"line":39,"column":14},"end":{"line":39,"column":18}},"5":{"start":{"line":41,"column":2},"end":{"line":49,"column":5}},"6":{"start":{"line":42,"column":4},"end":{"line":42,"column":22}},"7":{"start":{"line":44,"column":4},"end":{"line":48,"column":7}},"8":{"start":{"line":45,"column":6},"end":{"line":45,"column":21}},"9":{"start":{"line":47,"column":6},"end":{"line":47,"column":25}},"10":{"start":{"line":52,"column":0},"end":{"line":52,"column":51}}},"fnMap":{"0":{"name":"(anonymous_0)","decl":{"start":{"line":38,"column":38},"end":{"line":38,"column":39}},"loc":{"start":{"line":38,"column":50},"end":{"line":50,"column":1}},"line":38},"1":{"name":"(anonymous_1)","decl":{"start":{"line":41,"column":21},"end":{"line":41,"column":22}},"loc":{"start":{"line":41,"column":48},"end":{"line":49,"column":3}},"line":41},"2":{"name":"(anonymous_2)","decl":{"start":{"line":44,"column":22},"end":{"line":44,"column":23}},"loc":{"start":{"line":44,"column":39},"end":{"line":46,"column":5}},"line":44},"3":{"name":"(anonymous_3)","decl":{"start":{"line":46,"column":16},"end":{"line":46,"column":17}},"loc":{"start":{"line":46,"column":31},"end":{"line":48,"column":5}},"line":46}},"branchMap":{},"s":{"0":1,"1":1,"2":1,"3":1,"4":0,"5":0,"6":0,"7":0,"8":0,"9":0,"10":1},"f":{"0":0,"1":0,"2":0,"3":0},"b":{},"_coverageSchema":"43e27e138ebf9cfc5966b082cf9a028302ed4184","hash":"d6613ee7ee49bcc8e97fde8f444b81154989f22d","contentHash":"c58ba405221a8c0c1f525864f83770c70b087f402f8c885670df41fadc015c4c"},"/home/ryan/src/picklechips/skybunk-server/helpers/formatters.js":{"path":"/home/ryan/src/picklechips/skybunk-server/helpers/formatters.js","statementMap":{"0":{"start":{"line":3,"column":24},"end":{"line":3,"column":328}},"1":{"start":{"line":3,"column":99},"end":{"line":3,"column":154}},"2":{"start":{"line":3,"column":133},"end":{"line":3,"column":151}},"3":{"start":{"line":3,"column":164},"end":{"line":3,"column":326}},"4":{"start":{"line":3,"column":198},"end":{"line":3,"column":323}},"5":{"start":{"line":3,"column":329},"end":{"line":3,"column":349}},"6":{"start":{"line":11,"column":0},"end":{"line":27,"column":2}},"7":{"start":{"line":12,"column":2},"end":{"line":17,"column":3}},"8":{"start":{"line":13,"column":4},"end":{"line":16,"column":6}},"9":{"start":{"line":19,"column":2},"end":{"line":24,"column":3}},"10":{"start":{"line":20,"column":4},"end":{"line":23,"column":6}},"11":{"start":{"line":26,"column":2},"end":{"line":26,"column":87}},"12":{"start":{"line":35,"column":0},"end":{"line":49,"column":2}},"13":{"start":{"line":36,"column":22},"end":{"line":36,"column":24}},"14":{"start":{"line":38,"column":2},"end":{"line":46,"column":21}},"15":{"start":{"line":39,"column":4},"end":{"line":41,"column":7}},"16":{"start":{"line":40,"column":6},"end":{"line":40,"column":30}},"17":{"start":{"line":42,"column":9},"end":{"line":46,"column":21}},"18":{"start":{"line":43,"column":4},"end":{"line":43,"column":29}},"19":{"start":{"line":44,"column":9},"end":{"line":46,"column":21}},"20":{"start":{"line":45,"column":4},"end":{"line":45,"column":40}},"21":{"start":{"line":46,"column":9},"end":{"line":46,"column":21}},"22":{"start":{"line":48,"column":2},"end":{"line":48,"column":23}}},"fnMap":{"0":{"name":"_typeof","decl":{"start":{"line":3,"column":9},"end":{"line":3,"column":16}},"loc":{"start":{"line":3,"column":22},"end":{"line":3,"column":351}},"line":3},"1":{"name":"_typeof","decl":{"start":{"line":3,"column":118},"end":{"line":3,"column":125}},"loc":{"start":{"line":3,"column":131},"end":{"line":3,"column":153}},"line":3},"2":{"name":"_typeof","decl":{"start":{"line":3,"column":183},"end":{"line":3,"column":190}},"loc":{"start":{"line":3,"column":196},"end":{"line":3,"column":325}},"line":3},"3":{"name":"(anonymous_3)","decl":{"start":{"line":11,"column":24},"end":{"line":11,"column":25}},"loc":{"start":{"line":11,"column":39},"end":{"line":27,"column":1}},"line":11},"4":{"name":"(anonymous_4)","decl":{"start":{"line":35,"column":21},"end":{"line":35,"column":22}},"loc":{"start":{"line":35,"column":37},"end":{"line":49,"column":1}},"line":35},"5":{"name":"(anonymous_5)","decl":{"start":{"line":39,"column":17},"end":{"line":39,"column":18}},"loc":{"start":{"line":39,"column":32},"end":{"line":41,"column":5}},"line":39}},"branchMap":{"0":{"loc":{"start":{"line":3,"column":24},"end":{"line":3,"column":328}},"type":"if","locations":[{"start":{"line":3,"column":24},"end":{"line":3,"column":328}},{"start":{"line":3,"column":24},"end":{"line":3,"column":328}}],"line":3},"1":{"loc":{"start":{"line":3,"column":28},"end":{"line":3,"column":95}},"type":"binary-expr","locations":[{"start":{"line":3,"column":28},"end":{"line":3,"column":56}},{"start":{"line":3,"column":60},"end":{"line":3,"column":95}}],"line":3},"2":{"loc":{"start":{"line":3,"column":205},"end":{"line":3,"column":322}},"type":"cond-expr","locations":[{"start":{"line":3,"column":301},"end":{"line":3,"column":309}},{"start":{"line":3,"column":312},"end":{"line":3,"column":322}}],"line":3},"3":{"loc":{"start":{"line":3,"column":205},"end":{"line":3,"column":298}},"type":"binary-expr","locations":[{"start":{"line":3,"column":205},"end":{"line":3,"column":208}},{"start":{"line":3,"column":212},"end":{"line":3,"column":240}},{"start":{"line":3,"column":244},"end":{"line":3,"column":270}},{"start":{"line":3,"column":274},"end":{"line":3,"column":298}}],"line":3},"4":{"loc":{"start":{"line":12,"column":2},"end":{"line":17,"column":3}},"type":"if","locations":[{"start":{"line":12,"column":2},"end":{"line":17,"column":3}},{"start":{"line":12,"column":2},"end":{"line":17,"column":3}}],"line":12},"5":{"loc":{"start":{"line":19,"column":2},"end":{"line":24,"column":3}},"type":"if","locations":[{"start":{"line":19,"column":2},"end":{"line":24,"column":3}},{"start":{"line":19,"column":2},"end":{"line":24,"column":3}}],"line":19},"6":{"loc":{"start":{"line":38,"column":2},"end":{"line":46,"column":21}},"type":"if","locations":[{"start":{"line":38,"column":2},"end":{"line":46,"column":21}},{"start":{"line":38,"column":2},"end":{"line":46,"column":21}}],"line":38},"7":{"loc":{"start":{"line":42,"column":9},"end":{"line":46,"column":21}},"type":"if","locations":[{"start":{"line":42,"column":9},"end":{"line":46,"column":21}},{"start":{"line":42,"column":9},"end":{"line":46,"column":21}}],"line":42},"8":{"loc":{"start":{"line":44,"column":9},"end":{"line":46,"column":21}},"type":"if","locations":[{"start":{"line":44,"column":9},"end":{"line":46,"column":21}},{"start":{"line":44,"column":9},"end":{"line":46,"column":21}}],"line":44}},"s":{"0":0,"1":0,"2":0,"3":0,"4":0,"5":0,"6":1,"7":0,"8":0,"9":0,"10":0,"11":0,"12":1,"13":0,"14":0,"15":0,"16":0,"17":0,"18":0,"19":0,"20":0,"21":0,"22":0},"f":{"0":0,"1":0,"2":0,"3":0,"4":0,"5":0},"b":{"0":[0,0],"1":[0,0],"2":[0,0],"3":[0,0,0,0],"4":[0,0],"5":[0,0],"6":[0,0],"7":[0,0],"8":[0,0]},"_coverageSchema":"43e27e138ebf9cfc5966b082cf9a028302ed4184","hash":"009ccb1a2b2c34e4dd9081bcab3d85b957455258","contentHash":"65ae5510544155b3c905b64f20bb8ed7c90e7a4c27c0474919b60d9e8571d22a"},"/home/ryan/src/picklechips/skybunk-server/config/options.js":{"path":"/home/ryan/src/picklechips/skybunk-server/config/options.js","statementMap":{"0":{"start":{"line":3,"column":0},"end":{"line":6,"column":2}}},"fnMap":{},"branchMap":{},"s":{"0":1},"f":{},"b":{},"_coverageSchema":"43e27e138ebf9cfc5966b082cf9a028302ed4184","hash":"7289af0ebdb7841d9bf4039bff98c8961c726a94","contentHash":"788f682926b578de9916f491ee2c8259b11d021911cc1037eb8b4a7cd271fa98"}}